This is pdfTeX, Version 3.141592653-2.6-1.40.25 (TeX Live 2023) (preloaded format=pdflatex 2023.3.25)  16 JUN 2023 12:17
entering extended mode
 restricted \write18 enabled.
 file:line:error style messages enabled.
 %&-line parsing enabled.
**EDS_Prak_Blatt_4_Jan_Kristel.tex
(./EDS_Prak_Blatt_4_Jan_Kristel.tex
LaTeX2e <2022-11-01> patch level 1
L3 programming layer <2023-02-22> (/usr/local/texlive/2023/texmf-dist/tex/latex/base/article.cls
Document Class: article 2022/07/02 v1.4n Standard LaTeX document class
(/usr/local/texlive/2023/texmf-dist/tex/latex/base/size10.clo
File: size10.clo 2022/07/02 v1.4n Standard LaTeX file (size option)
)
\c@part=\count185
\c@section=\count186
\c@subsection=\count187
\c@subsubsection=\count188
\c@paragraph=\count189
\c@subparagraph=\count190
\c@figure=\count191
\c@table=\count192
\abovecaptionskip=\skip48
\belowcaptionskip=\skip49
\bibindent=\dimen140
) (/usr/local/texlive/2023/texmf-dist/tex/latex/geometry/geometry.sty
Package: geometry 2020/01/02 v5.9 Page Geometry
 (/usr/local/texlive/2023/texmf-dist/tex/latex/graphics/keyval.sty
Package: keyval 2022/05/29 v1.15 key=value parser (DPC)
\KV@toks@=\toks16
) (/usr/local/texlive/2023/texmf-dist/tex/generic/iftex/ifvtex.sty
Package: ifvtex 2019/10/25 v1.7 ifvtex legacy package. Use iftex instead.
 (/usr/local/texlive/2023/texmf-dist/tex/generic/iftex/iftex.sty
Package: iftex 2022/02/03 v1.0f TeX engine tests
))
\Gm@cnth=\count193
\Gm@cntv=\count194
\c@Gm@tempcnt=\count195
\Gm@bindingoffset=\dimen141
\Gm@wd@mp=\dimen142
\Gm@odd@mp=\dimen143
\Gm@even@mp=\dimen144
\Gm@layoutwidth=\dimen145
\Gm@layoutheight=\dimen146
\Gm@layouthoffset=\dimen147
\Gm@layoutvoffset=\dimen148
\Gm@dimlist=\toks17
) (/usr/local/texlive/2023/texmf-dist/tex/latex/base/fontenc.sty
Package: fontenc 2021/04/29 v2.0v Standard LaTeX package
) (/usr/local/texlive/2023/texmf-dist/tex/generic/babel/babel.sty
Package: babel 2023/02/13 3.86 The Babel package
\babel@savecnt=\count196
\U@D=\dimen149
\l@unhyphenated=\language87
 (/usr/local/texlive/2023/texmf-dist/tex/generic/babel/txtbabel.def)
\bbl@readstream=\read2
\bbl@dirlevel=\count197
 (/usr/local/texlive/2023/texmf-dist/tex/generic/babel-german/ngerman.ldf
Language: ngerman 2021/02/27 v2.13 German support for babel (post-1996 orthography)
 (/usr/local/texlive/2023/texmf-dist/tex/generic/babel-german/ngermanb.ldf
Language: ngermanb 2021/02/27 v2.13 German support for babel (post-1996 orthography)
Package babel Info: Making " an active character on input line 122.
))) (/usr/local/texlive/2023/texmf-dist/tex/generic/babel/locale/de/babel-ngerman.tex
Package babel Info: Importing font and identification data for ngerman
(babel)             from babel-de.ini. Reported on input line 11.
) (/usr/local/texlive/2023/texmf-dist/tex/latex/base/inputenc.sty
Package: inputenc 2021/02/14 v1.3d Input encoding file
\inpenc@prehook=\toks18
\inpenc@posthook=\toks19
) (/usr/local/texlive/2023/texmf-dist/tex/latex/graphics/graphicx.sty
Package: graphicx 2021/09/16 v1.2d Enhanced LaTeX Graphics (DPC,SPQR)
 (/usr/local/texlive/2023/texmf-dist/tex/latex/graphics/graphics.sty
Package: graphics 2022/03/10 v1.4e Standard LaTeX Graphics (DPC,SPQR)
 (/usr/local/texlive/2023/texmf-dist/tex/latex/graphics/trig.sty
Package: trig 2021/08/11 v1.11 sin cos tan (DPC)
) (/usr/local/texlive/2023/texmf-dist/tex/latex/graphics-cfg/graphics.cfg
File: graphics.cfg 2016/06/04 v1.11 sample graphics configuration
)
Package graphics Info: Driver file: pdftex.def on input line 107.
 (/usr/local/texlive/2023/texmf-dist/tex/latex/graphics-def/pdftex.def
File: pdftex.def 2022/09/22 v1.2b Graphics/color driver for pdftex
))
\Gin@req@height=\dimen150
\Gin@req@width=\dimen151
) (/usr/local/texlive/2023/texmf-dist/tex/latex/caption/caption.sty
Package: caption 2023/03/12 v3.6j Customizing captions (AR)
 (/usr/local/texlive/2023/texmf-dist/tex/latex/caption/caption3.sty
Package: caption3 2023/03/12 v2.4 caption3 kernel (AR)
\caption@tempdima=\dimen152
\captionmargin=\dimen153
\caption@leftmargin=\dimen154
\caption@rightmargin=\dimen155
\caption@width=\dimen156
\caption@indent=\dimen157
\caption@parindent=\dimen158
\caption@hangindent=\dimen159
Package caption Info: Standard document class detected.
)
\c@caption@flags=\count198
\c@continuedfloat=\count199
) (/usr/local/texlive/2023/texmf-dist/tex/latex/caption/subcaption.sty
Package: subcaption 2023/02/19 v1.6 Sub-captions (AR)
Package caption Info: New subtype `subfigure' on input line 239.
\c@subfigure=\count266
Package caption Info: New subtype `subtable' on input line 239.
\c@subtable=\count267
) (/usr/local/texlive/2023/texmf-dist/tex/latex/grffile/grffile.sty
Package: grffile 2019/11/11 v2.1 Extended file name support for graphics (legacy)
Package grffile Info: This package is an empty stub for compatibility on input line 40.
) (/usr/local/texlive/2023/texmf-dist/tex/latex/adjustbox/adjustbox.sty
Package: adjustbox 2022/10/17 v1.3a Adjusting TeX boxes (trim, clip, ...)
 (/usr/local/texlive/2023/texmf-dist/tex/latex/xkeyval/xkeyval.sty
Package: xkeyval 2022/06/16 v2.9 package option processing (HA)
 (/usr/local/texlive/2023/texmf-dist/tex/generic/xkeyval/xkeyval.tex (/usr/local/texlive/2023/texmf-dist/tex/generic/xkeyval/xkvutils.tex
\XKV@toks=\toks20
\XKV@tempa@toks=\toks21
)
\XKV@depth=\count268
File: xkeyval.tex 2014/12/03 v2.7a key=value parser (HA)
)) (/usr/local/texlive/2023/texmf-dist/tex/latex/adjustbox/adjcalc.sty
Package: adjcalc 2012/05/16 v1.1 Provides advanced setlength with multiple back-ends (calc, etex, pgfmath)
) (/usr/local/texlive/2023/texmf-dist/tex/latex/adjustbox/trimclip.sty
Package: trimclip 2020/08/19 v1.2 Trim and clip general TeX material
 (/usr/local/texlive/2023/texmf-dist/tex/latex/collectbox/collectbox.sty
Package: collectbox 2022/10/17 v0.4c Collect macro arguments as boxes
\collectedbox=\box51
)
\tc@llx=\dimen160
\tc@lly=\dimen161
\tc@urx=\dimen162
\tc@ury=\dimen163
Package trimclip Info: Using driver 'tc-pdftex.def'.
 (/usr/local/texlive/2023/texmf-dist/tex/latex/adjustbox/tc-pdftex.def
File: tc-pdftex.def 2019/01/04 v2.2 Clipping driver for pdftex
))
\adjbox@Width=\dimen164
\adjbox@Height=\dimen165
\adjbox@Depth=\dimen166
\adjbox@Totalheight=\dimen167
\adjbox@pwidth=\dimen168
\adjbox@pheight=\dimen169
\adjbox@pdepth=\dimen170
\adjbox@ptotalheight=\dimen171

(/usr/local/texlive/2023/texmf-dist/tex/latex/ifoddpage/ifoddpage.sty
Package: ifoddpage 2022/10/18 v1.2 Conditionals for odd/even page detection
\c@checkoddpage=\count269
) (/usr/local/texlive/2023/texmf-dist/tex/latex/varwidth/varwidth.sty
Package: varwidth 2009/03/30 ver 0.92;  Variable-width minipages
\@vwid@box=\box52
\sift@deathcycles=\count270
\@vwid@loff=\dimen172
\@vwid@roff=\dimen173
)) (/usr/local/texlive/2023/texmf-dist/tex/generic/alphalph/alphalph.sty
Package: alphalph 2019/12/09 v2.6 Convert numbers to letters (HO)
 (/usr/local/texlive/2023/texmf-dist/tex/generic/infwarerr/infwarerr.sty
Package: infwarerr 2019/12/03 v1.5 Providing info/warning/error messages (HO)
) (/usr/local/texlive/2023/texmf-dist/tex/generic/intcalc/intcalc.sty
Package: intcalc 2019/12/15 v1.3 Expandable calculations with integers (HO)
)) (/usr/local/texlive/2023/texmf-dist/tex/latex/amsmath/amsmath.sty
Package: amsmath 2022/04/08 v2.17n AMS math features
\@mathmargin=\skip50

For additional information on amsmath, use the `?' option.
(/usr/local/texlive/2023/texmf-dist/tex/latex/amsmath/amstext.sty
Package: amstext 2021/08/26 v2.01 AMS text
 (/usr/local/texlive/2023/texmf-dist/tex/latex/amsmath/amsgen.sty
File: amsgen.sty 1999/11/30 v2.0 generic functions
\@emptytoks=\toks22
\ex@=\dimen174
)) (/usr/local/texlive/2023/texmf-dist/tex/latex/amsmath/amsbsy.sty
Package: amsbsy 1999/11/29 v1.2d Bold Symbols
\pmbraise@=\dimen175
) (/usr/local/texlive/2023/texmf-dist/tex/latex/amsmath/amsopn.sty
Package: amsopn 2022/04/08 v2.04 operator names
)
\inf@bad=\count271
LaTeX Info: Redefining \frac on input line 234.
\uproot@=\count272
\leftroot@=\count273
LaTeX Info: Redefining \overline on input line 399.
LaTeX Info: Redefining \colon on input line 410.
\classnum@=\count274
\DOTSCASE@=\count275
LaTeX Info: Redefining \ldots on input line 496.
LaTeX Info: Redefining \dots on input line 499.
LaTeX Info: Redefining \cdots on input line 620.
\Mathstrutbox@=\box53
\strutbox@=\box54
LaTeX Info: Redefining \big on input line 722.
LaTeX Info: Redefining \Big on input line 723.
LaTeX Info: Redefining \bigg on input line 724.
LaTeX Info: Redefining \Bigg on input line 725.
\big@size=\dimen176
LaTeX Font Info:    Redeclaring font encoding OML on input line 743.
LaTeX Font Info:    Redeclaring font encoding OMS on input line 744.
\macc@depth=\count276
LaTeX Info: Redefining \bmod on input line 905.
LaTeX Info: Redefining \pmod on input line 910.
LaTeX Info: Redefining \smash on input line 940.
LaTeX Info: Redefining \relbar on input line 970.
LaTeX Info: Redefining \Relbar on input line 971.
\c@MaxMatrixCols=\count277
\dotsspace@=\muskip16
\c@parentequation=\count278
\dspbrk@lvl=\count279
\tag@help=\toks23
\row@=\count280
\column@=\count281
\maxfields@=\count282
\andhelp@=\toks24
\eqnshift@=\dimen177
\alignsep@=\dimen178
\tagshift@=\dimen179
\tagwidth@=\dimen180
\totwidth@=\dimen181
\lineht@=\dimen182
\@envbody=\toks25
\multlinegap=\skip51
\multlinetaggap=\skip52
\mathdisplay@stack=\toks26
LaTeX Info: Redefining \[ on input line 2953.
LaTeX Info: Redefining \] on input line 2954.
)
   defining Unicode char U+2028 (decimal 8232)
 (/usr/local/texlive/2023/texmf-dist/tex/latex/hyperref/hyperref.sty
Package: hyperref 2023-02-07 v7.00v Hypertext links for LaTeX
 (/usr/local/texlive/2023/texmf-dist/tex/generic/ltxcmds/ltxcmds.sty
Package: ltxcmds 2020-05-10 v1.25 LaTeX kernel commands for general use (HO)
) (/usr/local/texlive/2023/texmf-dist/tex/generic/pdftexcmds/pdftexcmds.sty
Package: pdftexcmds 2020-06-27 v0.33 Utility functions of pdfTeX for LuaTeX (HO)
Package pdftexcmds Info: \pdf@primitive is available.
Package pdftexcmds Info: \pdf@ifprimitive is available.
Package pdftexcmds Info: \pdfdraftmode found.
) (/usr/local/texlive/2023/texmf-dist/tex/latex/kvsetkeys/kvsetkeys.sty
Package: kvsetkeys 2022-10-05 v1.19 Key value parser (HO)
) (/usr/local/texlive/2023/texmf-dist/tex/generic/kvdefinekeys/kvdefinekeys.sty
Package: kvdefinekeys 2019-12-19 v1.6 Define keys (HO)
) (/usr/local/texlive/2023/texmf-dist/tex/generic/pdfescape/pdfescape.sty
Package: pdfescape 2019/12/09 v1.15 Implements pdfTeX's escape features (HO)
) (/usr/local/texlive/2023/texmf-dist/tex/latex/hycolor/hycolor.sty
Package: hycolor 2020-01-27 v1.10 Color options for hyperref/bookmark (HO)
) (/usr/local/texlive/2023/texmf-dist/tex/latex/letltxmacro/letltxmacro.sty
Package: letltxmacro 2019/12/03 v1.6 Let assignment for LaTeX macros (HO)
) (/usr/local/texlive/2023/texmf-dist/tex/latex/auxhook/auxhook.sty
Package: auxhook 2019-12-17 v1.6 Hooks for auxiliary files (HO)
) (/usr/local/texlive/2023/texmf-dist/tex/latex/hyperref/nameref.sty
Package: nameref 2022-05-17 v2.50 Cross-referencing by name of section
 (/usr/local/texlive/2023/texmf-dist/tex/latex/refcount/refcount.sty
Package: refcount 2019/12/15 v3.6 Data extraction from label references (HO)
) (/usr/local/texlive/2023/texmf-dist/tex/generic/gettitlestring/gettitlestring.sty
Package: gettitlestring 2019/12/15 v1.6 Cleanup title references (HO)
 (/usr/local/texlive/2023/texmf-dist/tex/latex/kvoptions/kvoptions.sty
Package: kvoptions 2022-06-15 v3.15 Key value format for package options (HO)
))
\c@section@level=\count283
)
\@linkdim=\dimen183
\Hy@linkcounter=\count284
\Hy@pagecounter=\count285
 (/usr/local/texlive/2023/texmf-dist/tex/latex/hyperref/pd1enc.def
File: pd1enc.def 2023-02-07 v7.00v Hyperref: PDFDocEncoding definition (HO)
Now handling font encoding PD1 ...
... no UTF-8 mapping file for font encoding PD1
) (/usr/local/texlive/2023/texmf-dist/tex/generic/etexcmds/etexcmds.sty
Package: etexcmds 2019/12/15 v1.7 Avoid name clashes with e-TeX commands (HO)
)
\Hy@SavedSpaceFactor=\count286
 (/usr/local/texlive/2023/texmf-dist/tex/latex/hyperref/puenc.def
File: puenc.def 2023-02-07 v7.00v Hyperref: PDF Unicode definition (HO)
Now handling font encoding PU ...
... no UTF-8 mapping file for font encoding PU
)
Package hyperref Info: Hyper figures OFF on input line 4177.
Package hyperref Info: Link nesting OFF on input line 4182.
Package hyperref Info: Hyper index ON on input line 4185.
Package hyperref Info: Plain pages OFF on input line 4192.
Package hyperref Info: Backreferencing OFF on input line 4197.
Package hyperref Info: Implicit mode ON; LaTeX internals redefined.
Package hyperref Info: Bookmarks ON on input line 4425.
\c@Hy@tempcnt=\count287
 (/usr/local/texlive/2023/texmf-dist/tex/latex/url/url.sty
\Urlmuskip=\muskip17
Package: url 2013/09/16  ver 3.4  Verb mode for urls, etc.
)
LaTeX Info: Redefining \url on input line 4763.
\XeTeXLinkMargin=\dimen184
 (/usr/local/texlive/2023/texmf-dist/tex/generic/bitset/bitset.sty
Package: bitset 2019/12/09 v1.3 Handle bit-vector datatype (HO)
 (/usr/local/texlive/2023/texmf-dist/tex/generic/bigintcalc/bigintcalc.sty
Package: bigintcalc 2019/12/15 v1.5 Expandable calculations on big integers (HO)
))
\Fld@menulength=\count288
\Field@Width=\dimen185
\Fld@charsize=\dimen186
Package hyperref Info: Hyper figures OFF on input line 6042.
Package hyperref Info: Link nesting OFF on input line 6047.
Package hyperref Info: Hyper index ON on input line 6050.
Package hyperref Info: backreferencing OFF on input line 6057.
Package hyperref Info: Link coloring OFF on input line 6062.
Package hyperref Info: Link coloring with OCG OFF on input line 6067.
Package hyperref Info: PDF/A mode OFF on input line 6072.
 (/usr/local/texlive/2023/texmf-dist/tex/latex/base/atbegshi-ltx.sty
Package: atbegshi-ltx 2021/01/10 v1.0c Emulation of the original atbegshi
package with kernel methods
)
\Hy@abspage=\count289
\c@Item=\count290
\c@Hfootnote=\count291
)
Package hyperref Info: Driver (autodetected): hpdftex.
 (/usr/local/texlive/2023/texmf-dist/tex/latex/hyperref/hpdftex.def
File: hpdftex.def 2023-02-07 v7.00v Hyperref driver for pdfTeX
 (/usr/local/texlive/2023/texmf-dist/tex/latex/base/atveryend-ltx.sty
Package: atveryend-ltx 2020/08/19 v1.0a Emulation of the original atveryend package
with kernel methods
)
\Fld@listcount=\count292
\c@bookmark@seq@number=\count293
 (/usr/local/texlive/2023/texmf-dist/tex/latex/rerunfilecheck/rerunfilecheck.sty
Package: rerunfilecheck 2022-07-10 v1.10 Rerun checks for auxiliary files (HO)
 (/usr/local/texlive/2023/texmf-dist/tex/generic/uniquecounter/uniquecounter.sty
Package: uniquecounter 2019/12/15 v1.4 Provide unlimited unique counter (HO)
)
Package uniquecounter Info: New unique counter `rerunfilecheck' on input line 285.
)
\Hy@SectionHShift=\skip53
) (/usr/local/texlive/2023/texmf-dist/tex/latex/listings/listings.sty
\lst@mode=\count294
\lst@gtempboxa=\box55
\lst@token=\toks27
\lst@length=\count295
\lst@currlwidth=\dimen187
\lst@column=\count296
\lst@pos=\count297
\lst@lostspace=\dimen188
\lst@width=\dimen189
\lst@newlines=\count298
\lst@lineno=\count299
\lst@maxwidth=\dimen190

(/usr/local/texlive/2023/texmf-dist/tex/latex/listings/lstmisc.sty
File: lstmisc.sty 2023/02/27 1.9 (Carsten Heinz)
\c@lstnumber=\count300
\lst@skipnumbers=\count301
\lst@framebox=\box56
) (/usr/local/texlive/2023/texmf-dist/tex/latex/listings/listings.cfg
File: listings.cfg 2023/02/27 1.9 listings configuration
))
Package: listings 2023/02/27 1.9 (Carsten Heinz)
 (/usr/local/texlive/2023/texmf-dist/tex/latex/graphics/color.sty
Package: color 2022/01/06 v1.3d Standard LaTeX Color (DPC)
 (/usr/local/texlive/2023/texmf-dist/tex/latex/graphics-cfg/color.cfg
File: color.cfg 2016/01/02 v1.6 sample color configuration
)
Package color Info: Driver file: pdftex.def on input line 149.
 (/usr/local/texlive/2023/texmf-dist/tex/latex/graphics/mathcolor.ltx)) (/usr/local/texlive/2023/texmf-dist/tex/latex/tools/multicol.sty
Package: multicol 2021/11/30 v1.9d multicolumn formatting (FMi)
\c@tracingmulticols=\count302
\mult@box=\box57
\multicol@leftmargin=\dimen191
\c@unbalance=\count303
\c@collectmore=\count304
\doublecol@number=\count305
\multicoltolerance=\count306
\multicolpretolerance=\count307
\full@width=\dimen192
\page@free=\dimen193
\premulticols=\dimen194
\postmulticols=\dimen195
\multicolsep=\skip54
\multicolbaselineskip=\skip55
\partial@page=\box58
\last@line=\box59
\maxbalancingoverflow=\dimen196
\mult@rightbox=\box60
\mult@grightbox=\box61
\mult@firstbox=\box62
\mult@gfirstbox=\box63
\@tempa=\box64
\@tempa=\box65
\@tempa=\box66
\@tempa=\box67
\@tempa=\box68
\@tempa=\box69
\@tempa=\box70
\@tempa=\box71
\@tempa=\box72
\@tempa=\box73
\@tempa=\box74
\@tempa=\box75
\@tempa=\box76
\@tempa=\box77
\@tempa=\box78
\@tempa=\box79
\@tempa=\box80
\@tempa=\box81
\@tempa=\box82
\@tempa=\box83
\@tempa=\box84
\@tempa=\box85
\@tempa=\box86
\@tempa=\box87
\@tempa=\box88
\@tempa=\box89
\@tempa=\box90
\@tempa=\box91
\@tempa=\box92
\@tempa=\box93
\@tempa=\box94
\@tempa=\box95
\@tempa=\box96
\@tempa=\box97
\@tempa=\box98
\@tempa=\box99
\c@minrows=\count308
\c@columnbadness=\count309
\c@finalcolumnbadness=\count310
\last@try=\dimen197
\multicolovershoot=\dimen198
\multicolundershoot=\dimen199
\mult@nat@firstbox=\box100
\colbreak@box=\box101
\mc@col@check@num=\count311
) (/usr/local/texlive/2023/texmf-dist/tex/latex/listings/lstlang1.sty
File: lstlang1.sty 2023/02/27 1.9 listings language file
) (/usr/local/texlive/2023/texmf-dist/tex/latex/datetime/datetime.sty
Package: datetime 2015/03/20 v2.60 Date Time Package
 (/usr/local/texlive/2023/texmf-dist/tex/latex/etoolbox/etoolbox.sty
Package: etoolbox 2020/10/05 v2.5k e-TeX tools for LaTeX (JAW)
\etb@tempcnta=\count312
) (/usr/local/texlive/2023/texmf-dist/tex/latex/fmtcount/fmtcount.sty
Package: fmtcount 2020/01/30 v3.07
 (/usr/local/texlive/2023/texmf-dist/tex/latex/base/ifthen.sty
Package: ifthen 2022/04/13 v1.1d Standard LaTeX ifthen package (DPC)
) (/usr/local/texlive/2023/texmf-dist/tex/latex/fmtcount/fcprefix.sty
Package: fcprefix 2012/09/28
 (/usr/local/texlive/2023/texmf-dist/tex/latex/fmtcount/fcnumparser.sty
Package: fcnumparser 2017/06/15
\fc@digit@counter=\count313
))
\c@padzeroesN=\count314
\fc@tmpcatcode=\count315
 (/usr/local/texlive/2023/texmf-dist/tex/latex/fmtcount/fc-ngerman.def
File: fc-ngerman.def 2012/06/18
 (/usr/local/texlive/2023/texmf-dist/tex/latex/fmtcount/fc-german.def
File: fc-german.def 2018/06/17
 (/usr/local/texlive/2023/texmf-dist/tex/latex/fmtcount/fc-germanb.def
File: fc-germanb.def 2013/08/17
)) (/usr/local/texlive/2023/texmf-dist/tex/latex/fmtcount/fc-ngermanb.def
File: fc-ngermanb.def 2013/08/17
))
\@DT@modctr=\count316
\@ordinalctr=\count317
\@orgargctr=\count318
\@strctr=\count319
\@tmpstrctr=\count320
\@DT@loopN=\count321
\@DT@X=\count322
) (/usr/local/texlive/2023/texmf-dist/tex/latex/datetime/datetime-defaults.sty
Package: datetime-defaults 2013/09/10
)
\@day=\count323
\@month=\count324
\@year=\count325
\c@HOUR=\count326
\c@HOURXII=\count327
\c@MINUTE=\count328
\c@TOHOUR=\count329
\c@TOMINUTE=\count330
\c@SECOND=\count331
\currenthour=\count332
\currentminute=\count333
\currentsecond=\count334
Package datetime Info: No datetime.cfg file found, using default settings on input line 308.
\@dtctr=\count335
\dayofyear=\count336
\dayofweek=\count337
LaTeX Info: Redefining \today on input line 736.
 (/usr/local/texlive/2023/texmf-dist/tex/latex/datetime/dt-ngerman.def
File: dt-ngerman.def 2013/09/10
LaTeX Info: Redefining \datengerman on input line 86.
)
\dt@a=\toks28
\dt@b=\toks29
) (/usr/local/texlive/2023/texmf-dist/tex/latex/l3backend/l3backend-pdftex.def
File: l3backend-pdftex.def 2023-01-16 L3 backend support: PDF output (pdfTeX)
\l__color_backend_stack_int=\count338
\l__pdf_internal_box=\box102
) (/Users/joey/Documents/Studium/4_Sem/EDS/EDS_Praktikum/Blatt_4/.texpadtmp/EDS_Prak_Blatt_4_Jan_Kristel.aux)
\openout1 = `EDS_Prak_Blatt_4_Jan_Kristel.aux'.

LaTeX Font Info:    Checking defaults for OML/cmm/m/it on input line 50.
LaTeX Font Info:    ... okay on input line 50.
LaTeX Font Info:    Checking defaults for OMS/cmsy/m/n on input line 50.
LaTeX Font Info:    ... okay on input line 50.
LaTeX Font Info:    Checking defaults for OT1/cmr/m/n on input line 50.
LaTeX Font Info:    ... okay on input line 50.
LaTeX Font Info:    Checking defaults for T1/cmr/m/n on input line 50.
LaTeX Font Info:    ... okay on input line 50.
LaTeX Font Info:    Checking defaults for TS1/cmr/m/n on input line 50.
LaTeX Font Info:    ... okay on input line 50.
LaTeX Font Info:    Checking defaults for OMX/cmex/m/n on input line 50.
LaTeX Font Info:    ... okay on input line 50.
LaTeX Font Info:    Checking defaults for U/cmr/m/n on input line 50.
LaTeX Font Info:    ... okay on input line 50.
LaTeX Font Info:    Checking defaults for PD1/pdf/m/n on input line 50.
LaTeX Font Info:    ... okay on input line 50.
LaTeX Font Info:    Checking defaults for PU/pdf/m/n on input line 50.
LaTeX Font Info:    ... okay on input line 50.

*geometry* driver: auto-detecting
*geometry* detected driver: pdftex
*geometry* verbose mode - [ preamble ] result:
* driver: pdftex
* paper: a4paper
* layout: <same size as paper>
* layoutoffset:(h,v)=(0.0pt,0.0pt)
* modes: 
* h-part:(L,W,R)=(81.94394pt, 433.62pt, 81.94394pt)
* v-part:(T,H,B)=(106.75473pt, 578.15999pt, 160.13213pt)
* \paperwidth=597.50787pt
* \paperheight=845.04684pt
* \textwidth=433.62pt
* \textheight=578.15999pt
* \oddsidemargin=9.67395pt
* \evensidemargin=9.67395pt
* \topmargin=-2.51526pt
* \headheight=12.0pt
* \headsep=25.0pt
* \topskip=10.0pt
* \footskip=30.0pt
* \marginparwidth=65.0pt
* \marginparsep=11.0pt
* \columnsep=28.45274pt
* \skip\footins=9.0pt plus 4.0pt minus 2.0pt
* \hoffset=0.0pt
* \voffset=0.0pt
* \mag=1000
* \@twocolumnfalse
* \@twosidefalse
* \@mparswitchfalse
* \@reversemarginfalse
* (1in=72.27pt=25.4mm, 1cm=28.453pt)

(/usr/local/texlive/2023/texmf-dist/tex/context/base/mkii/supp-pdf.mkii
[Loading MPS to PDF converter (version 2006.09.02).]
\scratchcounter=\count339
\scratchdimen=\dimen256
\scratchbox=\box103
\nofMPsegments=\count340
\nofMParguments=\count341
\everyMPshowfont=\toks30
\MPscratchCnt=\count342
\MPscratchDim=\dimen257
\MPnumerator=\count343
\makeMPintoPDFobject=\count344
\everyMPtoPDFconversion=\toks31
) (/usr/local/texlive/2023/texmf-dist/tex/latex/epstopdf-pkg/epstopdf-base.sty
Package: epstopdf-base 2020-01-24 v2.11 Base part for package epstopdf
Package epstopdf-base Info: Redefining graphics rule for `.eps' on input line 485.
 (/usr/local/texlive/2023/texmf-dist/tex/latex/latexconfig/epstopdf-sys.cfg
File: epstopdf-sys.cfg 2010/07/13 v1.3 Configuration of (r)epstopdf for TeX Live
))
Package caption Info: Begin \AtBeginDocument code.
Package caption Info: hyperref package is loaded.
Package caption Info: listings package is loaded.
Package caption Info: End \AtBeginDocument code.
Package hyperref Info: Link coloring OFF on input line 50.
 (/Users/joey/Documents/Studium/4_Sem/EDS/EDS_Praktikum/Blatt_4/.texpadtmp/EDS_Prak_Blatt_4_Jan_Kristel.out) (/Users/joey/Documents/Studium/4_Sem/EDS/EDS_Praktikum/Blatt_4/.texpadtmp/EDS_Prak_Blatt_4_Jan_Kristel.out)
\@outlinefile=\write3
\openout3 = `EDS_Prak_Blatt_4_Jan_Kristel.out'.

\c@lstlisting=\count345
 [1

{/usr/local/texlive/2023/texmf-var/fonts/map/pdftex/updmap/pdftex.map}] (/Users/joey/Documents/Studium/4_Sem/EDS/EDS_Praktikum/Blatt_4/.texpadtmp/EDS_Prak_Blatt_4_Jan_Kristel.toc)
\tf@toc=\write4
\openout4 = `EDS_Prak_Blatt_4_Jan_Kristel.toc'.


pdfTeX warning (ext4): destination with the same identifier (name{page.1}) has been already used, duplicate ignored
<to be read again> 
                   \relax 
l.69 	\clearpage
                 [1]
Underfull \hbox (badness 10000) in paragraph at lines 92--93
\OT1/cmr/m/n/10 Zustandsautomaten wer-den als Zu-
 []

<../pics/Blatt_4/Chart_extern.png, id=190, 190.7125pt x 196.735pt>
File: ../pics/Blatt_4/Chart_extern.png Graphic file (type png)
<use ../pics/Blatt_4/Chart_extern.png>
Package pdftex.def Info: ../pics/Blatt_4/Chart_extern.png  used on input line 96.
(pdftex.def)             Requested size: 152.57019pt x 157.38818pt.
<../pics/Blatt_4/Chart_intern.png, id=192, 502.87875pt x 410.53375pt>
File: ../pics/Blatt_4/Chart_intern.png Graphic file (type png)
<use ../pics/Blatt_4/Chart_intern.png>
Package pdftex.def Info: ../pics/Blatt_4/Chart_intern.png  used on input line 101.
(pdftex.def)             Requested size: 201.14793pt x 164.21059pt.

Overfull \hbox (2.22221pt too wide) in paragraph at lines 95--105
[][] [] 
 []

[2

{/usr/local/texlive/2023/texmf-dist/fonts/enc/dvips/cm-super/cm-super-ts1.enc} <../pics/Blatt_4/Chart_extern.png> <../pics/Blatt_4/Chart_intern.png>]
Underfull \hbox (badness 10000) in paragraph at lines 117--118
[]\OT1/cmr/bx/n/10 Aktionsbl[]ocke \OT1/cmr/m/n/10 ent-hal-ten den aus-
 []


Underfull \hbox (badness 10000) in paragraph at lines 128--133
\OT1/cmr/m/n/10 Ein \OT1/cmr/bx/n/10 Default Tran-si-ti-on \OT1/cmr/m/n/10 ist ei-ne Art
 []


Underfull \hbox (badness 10000) in paragraph at lines 134--137
\OT1/cmr/m/n/10 Ver-bin-dung von meh-re-ren aus-ge-hen-den
 []


Underfull \hbox (badness 10000) in paragraph at lines 140--141
[]\OT1/cmr/m/n/10 Vermeidung von un[]ubersichtlichen
 []

[3]
Underfull \hbox (badness 10000) in paragraph at lines 149--151
\OT1/cmr/m/n/10 Bedingung, je-de Zei-le ist ei-ne UND-
 []


Underfull \hbox (badness 10000) in paragraph at lines 168--169
[]\OT1/cmr/m/n/10 der Zu-sam-men-fas-sung von be-lie-bi-
 []


Underfull \hbox (badness 10000) in paragraph at lines 170--171
[]\OT1/cmr/m/n/10 k[]onnen Ein-fluss neh-men auf die
 []

[4]
Underfull \hbox (badness 10000) in paragraph at lines 181--182
[]\OT1/cmr/m/n/10 Danach wird der gra-fi-sche Edi-tor
 []


Underfull \hbox (badness 10000) in paragraph at lines 181--182
\OT1/cmr/m/n/10 Zu-stands-dia-gram-me er-stellt, Zu-
 []


Underfull \hbox (badness 6675) in paragraph at lines 187--188
\OT1/cmr/m/n/10 Das Simulink-Modell wird in ei-ner
 []


Underfull \hbox (badness 10000) in paragraph at lines 188--189
\OT1/cmr/m/n/10 Durch Aus-wahl ei-nes be-stimm-ten
 []


Underfull \hbox (badness 5345) in paragraph at lines 198--199
\OT1/cmr/m/n/10 Sobald die Eing[]ange de-fi-niert sind,
 []

[5]
Underfull \hbox (badness 5245) in paragraph at lines 199--200
\OT1/cmr/m/n/10 wen-det wur-den, spei-chert man den
 []


Underfull \hbox (badness 10000) in paragraph at lines 199--200
\OT1/cmr/m/n/10 Stateflow-Editor und ak-tua-li-siert-das
 []


Underfull \hbox (badness 5050) in paragraph at lines 204--205
\OT1/cmr/m/n/10 Sym-bol-leis-te ver-schie-de-ne Tools und
 []


Underfull \hbox (badness 5847) in paragraph at lines 205--206
\OT1/cmr/m/n/10 Nachdem das ''Comment''-Tool aus-
 []


Underfull \hbox (badness 10000) in paragraph at lines 215--216
 []\OT1/cmr/bx/n/10 Parallele Ak-ti-vit[]at:[] \OT1/cmr/m/n/10 Im Kon-text von
 []


Underfull \hbox (badness 10000) in paragraph at lines 216--219

 []

[6] [7]
Underfull \hbox (badness 10000) in paragraph at lines 234--235
\OT1/cmr/m/n/10 Modells. Da-zu kannst du den
 []


Underfull \hbox (badness 7047) in paragraph at lines 235--236
\OT1/cmr/m/n/10 und Debugging-Aktinen durchf[]uhren,
 []

[8]
<../pics/Blatt_4/Aufgabe4.2.png, id=234, 668.99937pt x 190.21063pt>
File: ../pics/Blatt_4/Aufgabe4.2.png Graphic file (type png)
<use ../pics/Blatt_4/Aufgabe4.2.png>
Package pdftex.def Info: ../pics/Blatt_4/Aufgabe4.2.png  used on input line 242.
(pdftex.def)             Requested size: 468.29637pt x 133.14653pt.

Overfull \hbox (34.67638pt too wide) in paragraph at lines 242--243
 [][] 
 []

<../pics/Blatt_4/Aufgabe4.2Chart.png, id=235, 899.36pt x 368.87813pt>
File: ../pics/Blatt_4/Aufgabe4.2Chart.png Graphic file (type png)
<use ../pics/Blatt_4/Aufgabe4.2Chart.png>
Package pdftex.def Info: ../pics/Blatt_4/Aufgabe4.2Chart.png  used on input line 248.
(pdftex.def)             Requested size: 494.64954pt x 202.88359pt.

Overfull \hbox (61.02954pt too wide) in paragraph at lines 248--249
 [][] 
 []


Underfull \hbox (badness 10000) in paragraph at lines 252--253

 []

[9

 <../pics/Blatt_4/Aufgabe4.2.png> <../pics/Blatt_4/Aufgabe4.2Chart.png>]
<../pics/Blatt_4/Aufgabe4.3a.png, id=244, 700.11563pt x 297.11pt>
File: ../pics/Blatt_4/Aufgabe4.3a.png Graphic file (type png)
<use ../pics/Blatt_4/Aufgabe4.3a.png>
Package pdftex.def Info: ../pics/Blatt_4/Aufgabe4.3a.png  used on input line 269.
(pdftex.def)             Requested size: 420.07262pt x 178.26736pt.
<../pics/Blatt_4/Aufgabe4.3aChart.png, id=245, 899.36pt x 366.36874pt>
File: ../pics/Blatt_4/Aufgabe4.3aChart.png Graphic file (type png)
<use ../pics/Blatt_4/Aufgabe4.3aChart.png>
Package pdftex.def Info: ../pics/Blatt_4/Aufgabe4.3aChart.png  used on input line 276.
(pdftex.def)             Requested size: 449.6789pt x 183.18391pt.

Overfull \hbox (16.0589pt too wide) in paragraph at lines 276--277
 [][] 
 []

[10

 <../pics/Blatt_4/Aufgabe4.3a.png> <../pics/Blatt_4/Aufgabe4.3aChart.png>]
<../pics/Blatt_4/Aufgabe4.3bChart.png, id=254, 895.84688pt x 367.87437pt>
File: ../pics/Blatt_4/Aufgabe4.3bChart.png Graphic file (type png)
<use ../pics/Blatt_4/Aufgabe4.3bChart.png>
Package pdftex.def Info: ../pics/Blatt_4/Aufgabe4.3bChart.png  used on input line 284.
(pdftex.def)             Requested size: 447.92235pt x 183.93672pt.

Overfull \hbox (14.30235pt too wide) in paragraph at lines 284--285
 [][] 
 []

<../pics/Blatt_4/Aufgabe4.3c.png, id=255, 896.34875pt x 378.41376pt>
File: ../pics/Blatt_4/Aufgabe4.3c.png Graphic file (type png)
<use ../pics/Blatt_4/Aufgabe4.3c.png>
Package pdftex.def Info: ../pics/Blatt_4/Aufgabe4.3c.png  used on input line 291.
(pdftex.def)             Requested size: 448.17328pt x 189.2064pt.

Overfull \hbox (14.55328pt too wide) in paragraph at lines 291--292
 [][] 
 []

[11

 <../pics/Blatt_4/Aufgabe4.3bChart.png> <../pics/Blatt_4/Aufgabe4.3c.png>]
<../pics/Blatt_4/Aufgabe4.3d.png, id=264, 899.36pt x 371.88937pt>
File: ../pics/Blatt_4/Aufgabe4.3d.png Graphic file (type png)
<use ../pics/Blatt_4/Aufgabe4.3d.png>
Package pdftex.def Info: ../pics/Blatt_4/Aufgabe4.3d.png  used on input line 300.
(pdftex.def)             Requested size: 449.6789pt x 185.94423pt.

Overfull \hbox (16.0589pt too wide) in paragraph at lines 300--301
 [][] 
 []

<../pics/Blatt_4/Aufgabe4.3dChart.png, id=265, 899.36pt x 369.38pt>
File: ../pics/Blatt_4/Aufgabe4.3dChart.png Graphic file (type png)
<use ../pics/Blatt_4/Aufgabe4.3dChart.png>
Package pdftex.def Info: ../pics/Blatt_4/Aufgabe4.3dChart.png  used on input line 306.
(pdftex.def)             Requested size: 404.70825pt x 166.21945pt.
[12

 <../pics/Blatt_4/Aufgabe4.3d.png> <../pics/Blatt_4/Aufgabe4.3dChart.png>]
<../pics/Blatt_4/Aufgabe4.3e.png, id=275, 668.99937pt x 364.86313pt>
File: ../pics/Blatt_4/Aufgabe4.3e.png Graphic file (type png)
<use ../pics/Blatt_4/Aufgabe4.3e.png>
Package pdftex.def Info: ../pics/Blatt_4/Aufgabe4.3e.png  used on input line 326.
(pdftex.def)             Requested size: 468.29637pt x 255.40244pt.

Overfull \hbox (34.67638pt too wide) in paragraph at lines 326--327
 [][] 
 []

<../pics/Blatt_4/Aufgabe4.3eChart.png, id=276, 693.08937pt x 402.50375pt>
File: ../pics/Blatt_4/Aufgabe4.3eChart.png Graphic file (type png)
<use ../pics/Blatt_4/Aufgabe4.3eChart.png>
Package pdftex.def Info: ../pics/Blatt_4/Aufgabe4.3eChart.png  used on input line 334.
(pdftex.def)             Requested size: 415.85683pt x 241.5041pt.

LaTeX Warning: `h' float specifier changed to `ht'.

[13

 <../pics/Blatt_4/Aufgabe4.3e.png>] [14 <../pics/Blatt_4/Aufgabe4.3eChart.png>]
<../pics/Blatt_4/Aufgabe4.4a.png, id=289, 919.93687pt x 381.425pt>
File: ../pics/Blatt_4/Aufgabe4.4a.png Graphic file (type png)
<use ../pics/Blatt_4/Aufgabe4.4a.png>
Package pdftex.def Info: ../pics/Blatt_4/Aufgabe4.4a.png  used on input line 343.
(pdftex.def)             Requested size: 459.96732pt x 190.71202pt.

Overfull \hbox (26.34732pt too wide) in paragraph at lines 343--344
 [][] 
 []

[15

 <../pics/Blatt_4/Aufgabe4.4a.png>]
<../pics/Blatt_4/Aufgabe4.4Chart.png, id=299, 943.02313pt x 393.47pt>
File: ../pics/Blatt_4/Aufgabe4.4Chart.png Graphic file (type png)
<use ../pics/Blatt_4/Aufgabe4.4Chart.png>
Package pdftex.def Info: ../pics/Blatt_4/Aufgabe4.4Chart.png  used on input line 361.
(pdftex.def)             Requested size: 471.5104pt x 196.73451pt.

Overfull \hbox (37.89041pt too wide) in paragraph at lines 361--362
 [][] 
 []

<../pics/Blatt_4/Aufgabe4cTempDisplay.png, id=300, 423.08063pt x 373.89688pt>
File: ../pics/Blatt_4/Aufgabe4cTempDisplay.png Graphic file (type png)
<use ../pics/Blatt_4/Aufgabe4cTempDisplay.png>
Package pdftex.def Info: ../pics/Blatt_4/Aufgabe4cTempDisplay.png  used on input line 368.
(pdftex.def)             Requested size: 194.61945pt x 171.99464pt.
[16

 <../pics/Blatt_4/Aufgabe4.4Chart.png> <../pics/Blatt_4/Aufgabe4cTempDisplay.png>] [17

] (/Users/joey/Documents/Studium/4_Sem/EDS/EDS_Praktikum/Blatt_4/.texpadtmp/EDS_Prak_Blatt_4_Jan_Kristel.aux)
Package rerunfilecheck Info: File `EDS_Prak_Blatt_4_Jan_Kristel.out' has not changed.
(rerunfilecheck)             Checksum: A50A3263813875037CEECA919779C81F;5288.
 ) 
Here is how much of TeX's memory you used:
 16230 strings out of 476025
 268964 string characters out of 5790017
 1866388 words of memory out of 5000000
 36356 multiletter control sequences out of 15000+600000
 517516 words of font info for 49 fonts, out of 8000000 for 9000
 1141 hyphenation exceptions out of 8191
 75i,9n,76p,1110b,689s stack positions out of 10000i,1000n,20000p,200000b,200000s
</usr/local/texlive/2023/texmf-dist/fonts/type1/public/amsfonts/cm/cmbx10.pfb></usr/local/texlive/2023/texmf-dist/fonts/type1/public/amsfonts/cm/cmbx12.pfb></usr/local/texlive/2023/texmf-dist/fonts/type1/public/amsfonts/cm/cmcsc10.pfb></usr/local/texlive/2023/texmf-dist/fonts/type1/public/amsfonts/cm/cmmi10.pfb></usr/local/texlive/2023/texmf-dist/fonts/type1/public/amsfonts/cm/cmmi7.pfb></usr/local/texlive/2023/texmf-dist/fonts/type1/public/amsfonts/cm/cmr10.pfb></usr/local/texlive/2023/texmf-dist/fonts/type1/public/amsfonts/cm/cmr12.pfb></usr/local/texlive/2023/texmf-dist/fonts/type1/public/amsfonts/cm/cmr7.pfb></usr/local/texlive/2023/texmf-dist/fonts/type1/public/amsfonts/cm/cmsy10.pfb></usr/local/texlive/2023/texmf-dist/fonts/type1/public/amsfonts/cm/cmsy7.pfb></usr/local/texlive/2023/texmf-dist/fonts/type1/public/amsfonts/cm/cmti10.pfb></usr/local/texlive/2023/texmf-dist/fonts/type1/public/amsfonts/cm/cmti12.pfb></usr/local/texlive/2023/texmf-dist/fonts/type1/public/amsfonts/cm/cmti9.pfb></usr/local/texlive/2023/texmf-dist/fonts/type1/public/cm-super/sfrm1000.pfb></usr/local/texlive/2023/texmf-dist/fonts/type1/public/cm-super/sfti1000.pfb>
Output written on /Users/joey/Documents/Studium/4_Sem/EDS/EDS_Praktikum/Blatt_4/.texpadtmp/EDS_Prak_Blatt_4_Jan_Kristel.pdf (18 pages, 1047871 bytes).
PDF statistics:
 397 PDF objects out of 1000 (max. 8388607)
 313 compressed objects within 4 object streams
 71 named destinations out of 1000 (max. 500000)
 348 words of extra memory for PDF output out of 10000 (max. 10000000)

