\BOOKMARK [1][-]{section.1}{\376\377\000W\000a\000s\000\040\000i\000s\000t\000\040\000S\000t\000a\000t\000e\000f\000l\000o\000w\000\040\000?}{}% 1
\BOOKMARK [2][-]{subsection.1.1}{\376\377\000W\000a\000s\000\040\000i\000s\000t\000\040\000S\000t\000a\000t\000e\000f\000l\000o\000w\000?}{section.1}% 2
\BOOKMARK [2][-]{subsection.1.2}{\376\377\000W\000a\000s\000\040\000i\000s\000t\000\040\000e\000i\000n\000/\000e\000\040\000.\000.\000.}{section.1}% 3
\BOOKMARK [3][-]{subsubsection.1.2.1}{\376\377\000C\000h\000a\000r\000t\000?}{subsection.1.2}% 4
\BOOKMARK [3][-]{subsubsection.1.2.2}{\376\377\000S\000t\000a\000t\000e\000?}{subsection.1.2}% 5
\BOOKMARK [3][-]{subsubsection.1.2.3}{\376\377\000H\000i\000s\000t\000o\000r\000y\000\040\000J\000u\000n\000c\000t\000i\000o\000n\000?}{subsection.1.2}% 6
\BOOKMARK [3][-]{subsubsection.1.2.4}{\376\377\000D\000e\000f\000a\000u\000l\000t\000\040\000T\000r\000a\000n\000s\000i\000t\000i\000o\000n\000?}{subsection.1.2}% 7
\BOOKMARK [3][-]{subsubsection.1.2.5}{\376\377\000C\000o\000n\000n\000e\000c\000t\000i\000v\000e\000\040\000J\000u\000n\000c\000t\000i\000o\000n\000?}{subsection.1.2}% 8
\BOOKMARK [3][-]{subsubsection.1.2.6}{\376\377\000T\000r\000u\000t\000h\000\040\000T\000a\000b\000l\000e}{subsection.1.2}% 9
\BOOKMARK [3][-]{subsubsection.1.2.7}{\376\377\000F\000u\000n\000c\000t\000i\000o\000n\000\040\000?}{subsection.1.2}% 10
\BOOKMARK [3][-]{subsubsection.1.2.8}{\376\377\000E\000m\000b\000e\000d\000d\000e\000d\000\040\000M\000A\000T\000L\000A\000B\000\040\000F\000u\000n\000c\000t\000i\000o\000n\000\040\000?}{subsection.1.2}% 11
\BOOKMARK [3][-]{subsubsection.1.2.9}{\376\377\000B\000o\000x\000\040\000?}{subsection.1.2}% 12
\BOOKMARK [2][-]{subsection.1.3}{\376\377\000W\000i\000e\000\040\000w\000i\000r\000d\000\040\000d\000e\000r\000\040\000g\000r\000a\000f\000i\000s\000c\000h\000e\000\040\000E\000d\000i\000t\000o\000r\000\040\000g\000e\000s\000t\000a\000r\000t\000e\000t\000?}{section.1}% 13
\BOOKMARK [2][-]{subsection.1.4}{\376\377\000W\000a\000s\000\040\000i\000s\000t\000\040\000d\000e\000r\000\040\000M\000o\000d\000e\000l\000\040\000E\000x\000p\000l\000o\000r\000e\000r\000?}{section.1}% 14
\BOOKMARK [2][-]{subsection.1.5}{\376\377\000W\000i\000e\000\040\000w\000e\000r\000d\000e\000n\000\040\000e\000i\000n\000e\000m\000\040\000C\000h\000a\000r\000t\000\040\000o\000d\000e\000r\000\040\000S\000t\000a\000t\000e\000\040\000D\000a\000t\000e\000n\000\040\000b\000z\000w\000.\000\040\000E\000v\000e\000n\000t\000s\000\040\000z\000u\000g\000e\000w\000i\000e\000s\000e\000n\000?}{section.1}% 15
\BOOKMARK [2][-]{subsection.1.6}{\376\377\000W\000i\000e\000\040\000w\000e\000r\000d\000e\000n\000\040\000i\000m\000\040\000C\000h\000a\000r\000t\000\040\000K\000o\000m\000m\000e\000n\000t\000a\000r\000e\000\040\000e\000i\000n\000g\000e\000f\000\374\000g\000t\000\040\000?}{section.1}% 16
\BOOKMARK [2][-]{subsection.1.7}{\376\377\000W\000a\000s\000\040\000b\000e\000d\000e\000u\000t\000e\000t\000\040\000i\000n\000\040\000S\000t\000a\000t\000e\000f\000l\000o\000w\000\040\000'\000'\000E\000x\000c\000l\000u\000s\000i\000v\000'\000'\000\040\000u\000n\000d\000\040\000'\000'\000P\000a\000r\000a\000l\000l\000e\000l\000'\000'\000\040\000?}{section.1}% 17
\BOOKMARK [3][-]{subsubsection.1.7.1}{\376\377\000E\000x\000c\000l\000u\000s\000i\000v}{subsection.1.7}% 18
\BOOKMARK [3][-]{subsubsection.1.7.2}{\376\377\000P\000a\000r\000a\000l\000l\000e\000l}{subsection.1.7}% 19
\BOOKMARK [2][-]{subsection.1.8}{\376\377\000W\000i\000e\000\040\000w\000i\000r\000d\000\040\000e\000i\000n\000\040\000C\000h\000a\000r\000t\000\040\000a\000u\000f\000\040\000'\000'\000E\000x\000c\000l\000u\000s\000i\000v\000'\000'\000\040\000e\000i\000n\000g\000e\000s\000t\000e\000l\000l\000t\000\040\000?}{section.1}% 20
\BOOKMARK [2][-]{subsection.1.9}{\376\377\000W\000a\000s\000\040\000b\000e\000s\000c\000h\000r\000e\000i\000b\000t\000\040\000d\000a\000s\000\040\000L\000a\000b\000e\000l\000\040\000e\000i\000n\000e\000r\000\040\000T\000r\000a\000n\000s\000i\000t\000i\000o\000n}{section.1}% 21
\BOOKMARK [2][-]{subsection.1.10}{\376\377\000W\000i\000e\000\040\000s\000t\000a\000r\000t\000e\000n\000\040\000S\000i\000e\000\040\000d\000e\000n\000\040\000D\000e\000b\000u\000g\000g\000e\000r\000\040\000?}{section.1}% 22
\BOOKMARK [1][-]{section.2}{\376\377\000E\000r\000s\000t\000e\000\040\000S\000c\000h\000r\000i\000t\000t\000e\000\040\000i\000n\000\040\000S\000t\000a\000t\000e\000f\000l\000o\000w}{}% 23
\BOOKMARK [1][-]{section.3}{\376\377\000W\000e\000i\000t\000e\000r\000e\000\040\000S\000c\000h\000r\000i\000t\000t\000e\000\040\000m\000i\000t\000\040\000S\000t\000a\000t\000e\000f\000l\000o\000w}{}% 24
\BOOKMARK [2][-]{subsection.3.1}{}{section.3}% 25
\BOOKMARK [2][-]{subsection.3.2}{}{section.3}% 26
\BOOKMARK [2][-]{subsection.3.3}{}{section.3}% 27
\BOOKMARK [2][-]{subsection.3.4}{}{section.3}% 28
\BOOKMARK [2][-]{subsection.3.5}{}{section.3}% 29
\BOOKMARK [1][-]{section.4}{\376\377\000A\000n\000w\000e\000n\000d\000u\000n\000g\000s\000b\000e\000i\000s\000p\000i\000e\000l\000\040\000-\000\040\000M\000i\000s\000c\000h\000e\000r}{}% 30
\BOOKMARK [2][-]{subsection.4.1}{}{section.4}% 31
\BOOKMARK [2][-]{subsection.4.2}{}{section.4}% 32
\BOOKMARK [2][-]{subsection.4.3}{}{section.4}% 33
\BOOKMARK [2][-]{subsection.4.4}{}{section.4}% 34
