\BOOKMARK [1][-]{section.1}{\376\377\000A\000u\000f\000g\000a\000b\000e\000\040\0001\000:\000\040\000M\000A\000T\000L\000A\000B\000\040\000G\000r\000u\000n\000d\000l\000a\000g\000e\000n}{}% 1
\BOOKMARK [2][-]{subsection.1.1}{\376\377\000W\000a\000s\000\040\000i\000s\000t\000\040\000M\000A\000T\000L\000A\000B\000?}{section.1}% 2
\BOOKMARK [2][-]{subsection.1.2}{\376\377\000W\000e\000s\000e\000n\000t\000l\000i\000c\000h\000e\000\040\000K\000o\000m\000p\000o\000n\000e\000n\000t\000e\000n\000\040\000d\000e\000r\000\040\000M\000A\000T\000L\000A\000B\000-\000O\000b\000e\000r\000f\000l\000\344\000c\000h\000e}{section.1}% 3
\BOOKMARK [2][-]{subsection.1.3}{\376\377\000C\000u\000r\000r\000e\000n\000t\000\040\000F\000o\000l\000d\000e\000r\000\040\000B\000r\000o\000w\000s\000e\000r\000\040\000-\000\040\000W\000o\000z\000u\000?\000\040\000W\000a\000s\000\040\000i\000s\000t\000\040\000z\000u\000\040\000b\000e\000a\000c\000h\000t\000e\000n\000?}{section.1}% 4
\BOOKMARK [2][-]{subsection.1.4}{\376\377\000C\000o\000m\000a\000n\000d\000\040\000W\000i\000n\000d\000o\000w\000\040\000-\000\040\000W\000a\000s\000\040\000v\000e\000r\000b\000i\000r\000g\000t\000\040\000s\000i\000c\000h\000\040\000d\000a\000h\000i\000n\000t\000e\000r\000?}{section.1}% 5
\BOOKMARK [2][-]{subsection.1.5}{\376\377\000T\000o\000o\000l\000-\000S\000t\000r\000i\000p\000\040\000-\000\040\000W\000a\000s\000\040\000v\000e\000r\000b\000i\000r\000g\000t\000\040\000s\000i\000c\000h\000\040\000d\000a\000h\000i\000n\000t\000e\000r\000?}{section.1}% 6
\BOOKMARK [2][-]{subsection.1.6}{\376\377\000Z\000w\000e\000c\000k\000\040\000d\000e\000s\000\040\000W\000o\000r\000k\000s\000p\000a\000c\000e\000s}{section.1}% 7
\BOOKMARK [2][-]{subsection.1.7}{\376\377\000M\000\366\000g\000l\000i\000c\000h\000k\000e\000i\000t\000e\000n\000\040\000I\000n\000f\000o\000r\000m\000a\000t\000i\000o\000n\000\040\000v\000o\000n\000\040\000M\000A\000T\000L\000A\000B\000-\000H\000i\000l\000f\000e\000\040\000z\000u\000\040\000b\000e\000k\000o\000m\000m\000e\000n}{section.1}% 8
\BOOKMARK [2][-]{subsection.1.8}{\376\377\000S\000i\000m\000u\000l\000i\000n\000k}{section.1}% 9
\BOOKMARK [2][-]{subsection.1.9}{\376\377\000C\000o\000n\000t\000r\000o\000l\000\040\000S\000y\000s\000t\000e\000m\000\040\000T\000o\000l\000l\000b\000o\000x\000\040\000-\000\040\000W\000a\000s\000\040\000i\000s\000t\000\040\000d\000a\000s\000?\000\040\000W\000o\000\040\000f\000i\000n\000d\000e\000t\000\040\000m\000a\000n\000\040\000s\000i\000e\000?}{section.1}% 10
\BOOKMARK [2][-]{subsection.1.10}{\376\377\000S\000t\000a\000t\000e\000f\000l\000o\000w}{section.1}% 11
\BOOKMARK [1][-]{section.2}{\376\377\000A\000u\000f\000g\000a\000b\000e\000\040\0002\000:\000\040\000B\000o\000d\000e\000d\000i\000a\000g\000r\000a\000m\000m\000e}{}% 12
\BOOKMARK [2][-]{subsection.2.1}{\376\377\000N\000o\000r\000m\000i\000e\000r\000t\000e\000r\000\040\000F\000r\000e\000q\000u\000e\000n\000z\000g\000a\000n\000g\000\040\000P\000T\0001\000-\000G\000l\000i\000e\000d}{section.2}% 13
\BOOKMARK [2][-]{subsection.2.2}{\376\377\000N\000o\000r\000m\000i\000e\000r\000t\000e\000r\000\040\000F\000r\000e\000q\000u\000e\000n\000z\000g\000a\000n\000g\000\040\000P\000T\0002\000-\000G\000l\000i\000e\000d}{section.2}% 14
\BOOKMARK [2][-]{subsection.2.3}{\376\377\000B\000o\000d\000e\000d\000i\000a\000g\000r\000a\000m\000m\000\040\000P\000T\0002\000-\000G\000l\000i\000e\000d}{section.2}% 15
\BOOKMARK [1][-]{section.3}{\376\377\000A\000u\000f\000g\000a\000b\000e\000\040\0003\000:\000\040\000O\000r\000t\000s\000k\000u\000r\000v\000e}{}% 16
\BOOKMARK [2][-]{subsection.3.1}{\376\377\000O\000r\000t\000s\000k\000u\000r\000v\000e\000n}{section.3}% 17
\BOOKMARK [3][-]{subsubsection.3.1.1}{\376\377\000a\000.\0001}{subsection.3.1}% 18
\BOOKMARK [3][-]{subsubsection.3.1.2}{\376\377\000a\000.\0002}{subsection.3.1}% 19
\BOOKMARK [3][-]{subsubsection.3.1.3}{\376\377\000a\000.\0003}{subsection.3.1}% 20
\BOOKMARK [3][-]{subsubsection.3.1.4}{\376\377\000a\000.\0004}{subsection.3.1}% 21
\BOOKMARK [2][-]{subsection.3.2}{\376\377\000G\000r\000u\000n\000d\000v\000e\000r\000h\000a\000l\000t\000e\000n\000\040\000d\000e\000r\000\040\000R\000e\000g\000e\000l\000g\000l\000i\000e\000d\000e\000r}{section.3}% 22
\BOOKMARK [3][-]{subsubsection.3.2.1}{\376\377\000b\000.\0001}{subsection.3.2}% 23
\BOOKMARK [3][-]{subsubsection.3.2.2}{\376\377\000b\000.\0002}{subsection.3.2}% 24
\BOOKMARK [3][-]{subsubsection.3.2.3}{\376\377\000b\000.\0003}{subsection.3.2}% 25
\BOOKMARK [3][-]{subsubsection.3.2.4}{\376\377\000b\000.\0004}{subsection.3.2}% 26
\BOOKMARK [1][-]{section.4}{\376\377\000A\000u\000f\000g\000a\000b\000e\000\040\0004\000:\000\040\000M\000A\000T\000L\000A\000B\000\040\000C\000o\000n\000t\000r\000o\000l\000\040\000S\000y\000s\000t\000e\000m\000\040\000T\000o\000o\000l\000b\000o\000x}{}% 27
\BOOKMARK [2][-]{subsection.4.1}{\376\377\000G\000r\000u\000n\000d\000-\000\334\000b\000e\000r\000t\000r\000a\000g\000u\000n\000g\000s\000v\000e\000r\000h\000a\000l\000t\000e\000n}{section.4}% 28
\BOOKMARK [2][-]{subsection.4.2}{\376\377\000G\000O\000\040\000\334\000b\000e\000r\000t\000r\000a\000g\000u\000n\000g\000s\000f\000u\000n\000k\000t\000i\000o\000n\000\040\000d\000e\000s\000\040\000o\000f\000f\000e\000n\000e\000n\000\040\000R\000e\000g\000e\000l\000k\000r\000e\000i\000s\000e\000s}{section.4}% 29
\BOOKMARK [2][-]{subsection.4.3}{\376\377\000O\000r\000t\000s\000k\000u\000r\000v\000e\000\040\000G\000O}{section.4}% 30
\BOOKMARK [2][-]{subsection.4.4}{\376\377\000\334\000b\000e\000r\000t\000r\000a\000g\000u\000n\000g\000s\000f\000u\000n\000k\000t\000i\000o\000n\000e\000n}{section.4}% 31
\BOOKMARK [2][-]{subsection.4.5}{\376\377\000B\000o\000d\000e\000d\000i\000a\000g\000r\000a\000m\000m\000e}{section.4}% 32
\BOOKMARK [2][-]{subsection.4.6}{\376\377\000B\000o\000d\000e\000d\000i\000a\000g\000r\000a\000m\000m\000\040\000d\000e\000s\000\040\000o\000f\000f\000e\000n\000e\000n\000\040\000R\000e\000g\000e\000l\000k\000r\000e\000i\000s\000e\000s\000\040\000m\000i\000t\000\040\000m\000a\000r\000g\000i\000n}{section.4}% 33
\BOOKMARK [2][-]{subsection.4.7}{\376\377\000W\000u\000r\000z\000e\000l\000o\000r\000t\000s\000k\000u\000r\000v\000e}{section.4}% 34
\BOOKMARK [2][-]{subsection.4.8}{\376\377\000\334\000b\000e\000r\000t\000r\000a\000g\000u\000n\000g\000s\000f\000u\000n\000k\000t\000i\000o\000n\000e\000n\000\040\000d\000e\000r\000\040\000g\000e\000s\000c\000h\000l\000o\000s\000s\000e\000n\000e\000n\000\040\000R\000e\000g\000e\000l\000k\000r\000e\000i\000s\000e}{section.4}% 35
\BOOKMARK [3][-]{subsubsection.4.8.1}{\376\377\000G\000O\0001\000\040\000G\000W\0001}{subsection.4.8}% 36
\BOOKMARK [3][-]{subsubsection.4.8.2}{\376\377\000G\000O\0002\000\040\000G\000W\0002}{subsection.4.8}% 37
\BOOKMARK [3][-]{subsubsection.4.8.3}{\376\377\000G\000O\0003\000\040\000G\000W\0003}{subsection.4.8}% 38
\BOOKMARK [3][-]{subsubsection.4.8.4}{\376\377\000G\000O\0004\000\040\000G\000W\0004}{subsection.4.8}% 39
\BOOKMARK [3][-]{subsubsection.4.8.5}{\376\377\000G\000O\0005\000\040\000G\000W\0005}{subsection.4.8}% 40
\BOOKMARK [2][-]{subsection.4.9}{\376\377\000I\000m\000p\000u\000l\000s\000-\000\040\000u\000n\000d\000\040\000S\000p\000r\000u\000n\000g\000a\000n\000t\000w\000o\000r\000t\000e\000n}{section.4}% 41
\BOOKMARK [3][-]{subsubsection.4.9.1}{\376\377\000G\000W\0001}{subsection.4.9}% 42
\BOOKMARK [3][-]{subsubsection.4.9.2}{\376\377\000G\000W\0002}{subsection.4.9}% 43
\BOOKMARK [3][-]{subsubsection.4.9.3}{\376\377\000G\000W\0003}{subsection.4.9}% 44
\BOOKMARK [3][-]{subsubsection.4.9.4}{\376\377\000G\000W\0004}{subsection.4.9}% 45
\BOOKMARK [3][-]{subsubsection.4.9.5}{\376\377\000G\000W\0005}{subsection.4.9}% 46
