This is pdfTeX, Version 3.141592653-2.6-1.40.25 (TeX Live 2023) (preloaded format=pdflatex 2023.3.25)  10 MAY 2023 16:55
entering extended mode
 restricted \write18 enabled.
 file:line:error style messages enabled.
 %&-line parsing enabled.
**EDS_Prak_Blatt_2_Jan_Kristel.tex
(./EDS_Prak_Blatt_2_Jan_Kristel.tex
LaTeX2e <2022-11-01> patch level 1
L3 programming layer <2023-02-22> (/usr/local/texlive/2023/texmf-dist/tex/latex/base/article.cls
Document Class: article 2022/07/02 v1.4n Standard LaTeX document class
(/usr/local/texlive/2023/texmf-dist/tex/latex/base/size10.clo
File: size10.clo 2022/07/02 v1.4n Standard LaTeX file (size option)
)
\c@part=\count185
\c@section=\count186
\c@subsection=\count187
\c@subsubsection=\count188
\c@paragraph=\count189
\c@subparagraph=\count190
\c@figure=\count191
\c@table=\count192
\abovecaptionskip=\skip48
\belowcaptionskip=\skip49
\bibindent=\dimen140
) (/usr/local/texlive/2023/texmf-dist/tex/latex/base/fontenc.sty
Package: fontenc 2021/04/29 v2.0v Standard LaTeX package
) (/usr/local/texlive/2023/texmf-dist/tex/generic/babel/babel.sty
Package: babel 2023/02/13 3.86 The Babel package
\babel@savecnt=\count193
\U@D=\dimen141
\l@unhyphenated=\language87
 (/usr/local/texlive/2023/texmf-dist/tex/generic/babel/txtbabel.def)
\bbl@readstream=\read2
\bbl@dirlevel=\count194
 (/usr/local/texlive/2023/texmf-dist/tex/generic/babel-german/ngerman.ldf
Language: ngerman 2021/02/27 v2.13 German support for babel (post-1996 orthography)
 (/usr/local/texlive/2023/texmf-dist/tex/generic/babel-german/ngermanb.ldf
Language: ngermanb 2021/02/27 v2.13 German support for babel (post-1996 orthography)
Package babel Info: Making " an active character on input line 122.
))) (/usr/local/texlive/2023/texmf-dist/tex/generic/babel/locale/de/babel-ngerman.tex
Package babel Info: Importing font and identification data for ngerman
(babel)             from babel-de.ini. Reported on input line 11.
) (/usr/local/texlive/2023/texmf-dist/tex/latex/base/inputenc.sty
Package: inputenc 2021/02/14 v1.3d Input encoding file
\inpenc@prehook=\toks16
\inpenc@posthook=\toks17
) (/usr/local/texlive/2023/texmf-dist/tex/latex/graphics/graphicx.sty
Package: graphicx 2021/09/16 v1.2d Enhanced LaTeX Graphics (DPC,SPQR)
 (/usr/local/texlive/2023/texmf-dist/tex/latex/graphics/keyval.sty
Package: keyval 2022/05/29 v1.15 key=value parser (DPC)
\KV@toks@=\toks18
) (/usr/local/texlive/2023/texmf-dist/tex/latex/graphics/graphics.sty
Package: graphics 2022/03/10 v1.4e Standard LaTeX Graphics (DPC,SPQR)
 (/usr/local/texlive/2023/texmf-dist/tex/latex/graphics/trig.sty
Package: trig 2021/08/11 v1.11 sin cos tan (DPC)
) (/usr/local/texlive/2023/texmf-dist/tex/latex/graphics-cfg/graphics.cfg
File: graphics.cfg 2016/06/04 v1.11 sample graphics configuration
)
Package graphics Info: Driver file: pdftex.def on input line 107.
 (/usr/local/texlive/2023/texmf-dist/tex/latex/graphics-def/pdftex.def
File: pdftex.def 2022/09/22 v1.2b Graphics/color driver for pdftex
))
\Gin@req@height=\dimen142
\Gin@req@width=\dimen143
) (/usr/local/texlive/2023/texmf-dist/tex/latex/grffile/grffile.sty
Package: grffile 2019/11/11 v2.1 Extended file name support for graphics (legacy)
Package grffile Info: This package is an empty stub for compatibility on input line 40.
) (/usr/local/texlive/2023/texmf-dist/tex/latex/caption/subcaption.sty
Package: subcaption 2023/02/19 v1.6 Sub-captions (AR)
 (/usr/local/texlive/2023/texmf-dist/tex/latex/caption/caption.sty
Package: caption 2023/03/12 v3.6j Customizing captions (AR)
 (/usr/local/texlive/2023/texmf-dist/tex/latex/caption/caption3.sty
Package: caption3 2023/03/12 v2.4 caption3 kernel (AR)
\caption@tempdima=\dimen144
\captionmargin=\dimen145
\caption@leftmargin=\dimen146
\caption@rightmargin=\dimen147
\caption@width=\dimen148
\caption@indent=\dimen149
\caption@parindent=\dimen150
\caption@hangindent=\dimen151
Package caption Info: Standard document class detected.
)
\c@caption@flags=\count195
\c@continuedfloat=\count196
)
Package caption Info: New subtype `subfigure' on input line 239.
\c@subfigure=\count197
Package caption Info: New subtype `subtable' on input line 239.
\c@subtable=\count198
) (/usr/local/texlive/2023/texmf-dist/tex/latex/adjustbox/adjustbox.sty
Package: adjustbox 2022/10/17 v1.3a Adjusting TeX boxes (trim, clip, ...)
 (/usr/local/texlive/2023/texmf-dist/tex/latex/xkeyval/xkeyval.sty
Package: xkeyval 2022/06/16 v2.9 package option processing (HA)
 (/usr/local/texlive/2023/texmf-dist/tex/generic/xkeyval/xkeyval.tex (/usr/local/texlive/2023/texmf-dist/tex/generic/xkeyval/xkvutils.tex
\XKV@toks=\toks19
\XKV@tempa@toks=\toks20
)
\XKV@depth=\count199
File: xkeyval.tex 2014/12/03 v2.7a key=value parser (HA)
)) (/usr/local/texlive/2023/texmf-dist/tex/latex/adjustbox/adjcalc.sty
Package: adjcalc 2012/05/16 v1.1 Provides advanced setlength with multiple back-ends (calc, etex, pgfmath)
) (/usr/local/texlive/2023/texmf-dist/tex/latex/adjustbox/trimclip.sty
Package: trimclip 2020/08/19 v1.2 Trim and clip general TeX material
 (/usr/local/texlive/2023/texmf-dist/tex/latex/collectbox/collectbox.sty
Package: collectbox 2022/10/17 v0.4c Collect macro arguments as boxes
\collectedbox=\box51
)
\tc@llx=\dimen152
\tc@lly=\dimen153
\tc@urx=\dimen154
\tc@ury=\dimen155
Package trimclip Info: Using driver 'tc-pdftex.def'.
 (/usr/local/texlive/2023/texmf-dist/tex/latex/adjustbox/tc-pdftex.def
File: tc-pdftex.def 2019/01/04 v2.2 Clipping driver for pdftex
))
\adjbox@Width=\dimen156
\adjbox@Height=\dimen157
\adjbox@Depth=\dimen158
\adjbox@Totalheight=\dimen159
\adjbox@pwidth=\dimen160
\adjbox@pheight=\dimen161
\adjbox@pdepth=\dimen162
\adjbox@ptotalheight=\dimen163
 (/usr/local/texlive/2023/texmf-dist/tex/latex/ifoddpage/ifoddpage.sty
Package: ifoddpage 2022/10/18 v1.2 Conditionals for odd/even page detection
\c@checkoddpage=\count266
) (/usr/local/texlive/2023/texmf-dist/tex/latex/varwidth/varwidth.sty
Package: varwidth 2009/03/30 ver 0.92;  Variable-width minipages
\@vwid@box=\box52
\sift@deathcycles=\count267
\@vwid@loff=\dimen164
\@vwid@roff=\dimen165
)) (/usr/local/texlive/2023/texmf-dist/tex/generic/alphalph/alphalph.sty
Package: alphalph 2019/12/09 v2.6 Convert numbers to letters (HO)

(/usr/local/texlive/2023/texmf-dist/tex/generic/infwarerr/infwarerr.sty
Package: infwarerr 2019/12/03 v1.5 Providing info/warning/error messages (HO)
) (/usr/local/texlive/2023/texmf-dist/tex/generic/intcalc/intcalc.sty
Package: intcalc 2019/12/15 v1.3 Expandable calculations with integers (HO)
))
   defining Unicode char U+2028 (decimal 8232)
 (/usr/local/texlive/2023/texmf-dist/tex/latex/hyperref/hyperref.sty
Package: hyperref 2023-02-07 v7.00v Hypertext links for LaTeX
 (/usr/local/texlive/2023/texmf-dist/tex/generic/ltxcmds/ltxcmds.sty
Package: ltxcmds 2020-05-10 v1.25 LaTeX kernel commands for general use (HO)
) (/usr/local/texlive/2023/texmf-dist/tex/generic/iftex/iftex.sty
Package: iftex 2022/02/03 v1.0f TeX engine tests
) (/usr/local/texlive/2023/texmf-dist/tex/generic/pdftexcmds/pdftexcmds.sty
Package: pdftexcmds 2020-06-27 v0.33 Utility functions of pdfTeX for LuaTeX (HO)
Package pdftexcmds Info: \pdf@primitive is available.
Package pdftexcmds Info: \pdf@ifprimitive is available.
Package pdftexcmds Info: \pdfdraftmode found.
) (/usr/local/texlive/2023/texmf-dist/tex/latex/kvsetkeys/kvsetkeys.sty
Package: kvsetkeys 2022-10-05 v1.19 Key value parser (HO)
) (/usr/local/texlive/2023/texmf-dist/tex/generic/kvdefinekeys/kvdefinekeys.sty
Package: kvdefinekeys 2019-12-19 v1.6 Define keys (HO)
) (/usr/local/texlive/2023/texmf-dist/tex/generic/pdfescape/pdfescape.sty
Package: pdfescape 2019/12/09 v1.15 Implements pdfTeX's escape features (HO)
) (/usr/local/texlive/2023/texmf-dist/tex/latex/hycolor/hycolor.sty
Package: hycolor 2020-01-27 v1.10 Color options for hyperref/bookmark (HO)
) (/usr/local/texlive/2023/texmf-dist/tex/latex/letltxmacro/letltxmacro.sty
Package: letltxmacro 2019/12/03 v1.6 Let assignment for LaTeX macros (HO)
) (/usr/local/texlive/2023/texmf-dist/tex/latex/auxhook/auxhook.sty
Package: auxhook 2019-12-17 v1.6 Hooks for auxiliary files (HO)
) (/usr/local/texlive/2023/texmf-dist/tex/latex/hyperref/nameref.sty
Package: nameref 2022-05-17 v2.50 Cross-referencing by name of section
 (/usr/local/texlive/2023/texmf-dist/tex/latex/refcount/refcount.sty
Package: refcount 2019/12/15 v3.6 Data extraction from label references (HO)
) (/usr/local/texlive/2023/texmf-dist/tex/generic/gettitlestring/gettitlestring.sty
Package: gettitlestring 2019/12/15 v1.6 Cleanup title references (HO)
 (/usr/local/texlive/2023/texmf-dist/tex/latex/kvoptions/kvoptions.sty
Package: kvoptions 2022-06-15 v3.15 Key value format for package options (HO)
))
\c@section@level=\count268
)
\@linkdim=\dimen166
\Hy@linkcounter=\count269
\Hy@pagecounter=\count270
 (/usr/local/texlive/2023/texmf-dist/tex/latex/hyperref/pd1enc.def
File: pd1enc.def 2023-02-07 v7.00v Hyperref: PDFDocEncoding definition (HO)
Now handling font encoding PD1 ...
... no UTF-8 mapping file for font encoding PD1
) (/usr/local/texlive/2023/texmf-dist/tex/generic/etexcmds/etexcmds.sty
Package: etexcmds 2019/12/15 v1.7 Avoid name clashes with e-TeX commands (HO)
)
\Hy@SavedSpaceFactor=\count271
 (/usr/local/texlive/2023/texmf-dist/tex/latex/hyperref/puenc.def
File: puenc.def 2023-02-07 v7.00v Hyperref: PDF Unicode definition (HO)
Now handling font encoding PU ...
... no UTF-8 mapping file for font encoding PU
)
Package hyperref Info: Hyper figures OFF on input line 4177.
Package hyperref Info: Link nesting OFF on input line 4182.
Package hyperref Info: Hyper index ON on input line 4185.
Package hyperref Info: Plain pages OFF on input line 4192.
Package hyperref Info: Backreferencing OFF on input line 4197.
Package hyperref Info: Implicit mode ON; LaTeX internals redefined.
Package hyperref Info: Bookmarks ON on input line 4425.
\c@Hy@tempcnt=\count272
 (/usr/local/texlive/2023/texmf-dist/tex/latex/url/url.sty
\Urlmuskip=\muskip16
Package: url 2013/09/16  ver 3.4  Verb mode for urls, etc.
)
LaTeX Info: Redefining \url on input line 4763.
\XeTeXLinkMargin=\dimen167
 (/usr/local/texlive/2023/texmf-dist/tex/generic/bitset/bitset.sty
Package: bitset 2019/12/09 v1.3 Handle bit-vector datatype (HO)
 (/usr/local/texlive/2023/texmf-dist/tex/generic/bigintcalc/bigintcalc.sty
Package: bigintcalc 2019/12/15 v1.5 Expandable calculations on big integers (HO)
))
\Fld@menulength=\count273
\Field@Width=\dimen168
\Fld@charsize=\dimen169
Package hyperref Info: Hyper figures OFF on input line 6042.
Package hyperref Info: Link nesting OFF on input line 6047.
Package hyperref Info: Hyper index ON on input line 6050.
Package hyperref Info: backreferencing OFF on input line 6057.
Package hyperref Info: Link coloring OFF on input line 6062.
Package hyperref Info: Link coloring with OCG OFF on input line 6067.
Package hyperref Info: PDF/A mode OFF on input line 6072.
 (/usr/local/texlive/2023/texmf-dist/tex/latex/base/atbegshi-ltx.sty
Package: atbegshi-ltx 2021/01/10 v1.0c Emulation of the original atbegshi
package with kernel methods
)
\Hy@abspage=\count274
\c@Item=\count275
\c@Hfootnote=\count276
)
Package hyperref Info: Driver (autodetected): hpdftex.
 (/usr/local/texlive/2023/texmf-dist/tex/latex/hyperref/hpdftex.def
File: hpdftex.def 2023-02-07 v7.00v Hyperref driver for pdfTeX
 (/usr/local/texlive/2023/texmf-dist/tex/latex/base/atveryend-ltx.sty
Package: atveryend-ltx 2020/08/19 v1.0a Emulation of the original atveryend package
with kernel methods
)
\Fld@listcount=\count277
\c@bookmark@seq@number=\count278
 (/usr/local/texlive/2023/texmf-dist/tex/latex/rerunfilecheck/rerunfilecheck.sty
Package: rerunfilecheck 2022-07-10 v1.10 Rerun checks for auxiliary files (HO)
 (/usr/local/texlive/2023/texmf-dist/tex/generic/uniquecounter/uniquecounter.sty
Package: uniquecounter 2019/12/15 v1.4 Provide unlimited unique counter (HO)
)
Package uniquecounter Info: New unique counter `rerunfilecheck' on input line 285.
)
\Hy@SectionHShift=\skip50
) (/usr/local/texlive/2023/texmf-dist/tex/latex/listings/listings.sty
\lst@mode=\count279
\lst@gtempboxa=\box53
\lst@token=\toks21
\lst@length=\count280
\lst@currlwidth=\dimen170
\lst@column=\count281
\lst@pos=\count282
\lst@lostspace=\dimen171
\lst@width=\dimen172
\lst@newlines=\count283
\lst@lineno=\count284
\lst@maxwidth=\dimen173

(/usr/local/texlive/2023/texmf-dist/tex/latex/listings/lstmisc.sty
File: lstmisc.sty 2023/02/27 1.9 (Carsten Heinz)
\c@lstnumber=\count285
\lst@skipnumbers=\count286
\lst@framebox=\box54
) (/usr/local/texlive/2023/texmf-dist/tex/latex/listings/listings.cfg
File: listings.cfg 2023/02/27 1.9 listings configuration
))
Package: listings 2023/02/27 1.9 (Carsten Heinz)
 (/usr/local/texlive/2023/texmf-dist/tex/latex/graphics/color.sty
Package: color 2022/01/06 v1.3d Standard LaTeX Color (DPC)
 (/usr/local/texlive/2023/texmf-dist/tex/latex/graphics-cfg/color.cfg
File: color.cfg 2016/01/02 v1.6 sample color configuration
)
Package color Info: Driver file: pdftex.def on input line 149.
 (/usr/local/texlive/2023/texmf-dist/tex/latex/graphics/mathcolor.ltx)) (/usr/local/texlive/2023/texmf-dist/tex/latex/listings/lstlang1.sty
File: lstlang1.sty 2023/02/27 1.9 listings language file
) (/usr/local/texlive/2023/texmf-dist/tex/latex/datetime/datetime.sty
Package: datetime 2015/03/20 v2.60 Date Time Package
 (/usr/local/texlive/2023/texmf-dist/tex/latex/etoolbox/etoolbox.sty
Package: etoolbox 2020/10/05 v2.5k e-TeX tools for LaTeX (JAW)
\etb@tempcnta=\count287
) (/usr/local/texlive/2023/texmf-dist/tex/latex/fmtcount/fmtcount.sty
Package: fmtcount 2020/01/30 v3.07
 (/usr/local/texlive/2023/texmf-dist/tex/latex/base/ifthen.sty
Package: ifthen 2022/04/13 v1.1d Standard LaTeX ifthen package (DPC)
) (/usr/local/texlive/2023/texmf-dist/tex/latex/fmtcount/fcprefix.sty
Package: fcprefix 2012/09/28
 (/usr/local/texlive/2023/texmf-dist/tex/latex/fmtcount/fcnumparser.sty
Package: fcnumparser 2017/06/15
\fc@digit@counter=\count288
)) (/usr/local/texlive/2023/texmf-dist/tex/latex/amsmath/amsgen.sty
File: amsgen.sty 1999/11/30 v2.0 generic functions
\@emptytoks=\toks22
\ex@=\dimen174
)
\c@padzeroesN=\count289
\fc@tmpcatcode=\count290
 (/usr/local/texlive/2023/texmf-dist/tex/latex/fmtcount/fc-ngerman.def
File: fc-ngerman.def 2012/06/18
 (/usr/local/texlive/2023/texmf-dist/tex/latex/fmtcount/fc-german.def
File: fc-german.def 2018/06/17
 (/usr/local/texlive/2023/texmf-dist/tex/latex/fmtcount/fc-germanb.def
File: fc-germanb.def 2013/08/17
)) (/usr/local/texlive/2023/texmf-dist/tex/latex/fmtcount/fc-ngermanb.def
File: fc-ngermanb.def 2013/08/17
))
\@DT@modctr=\count291
\@ordinalctr=\count292
\@orgargctr=\count293
\@strctr=\count294
\@tmpstrctr=\count295
\@DT@loopN=\count296
\@DT@X=\count297
) (/usr/local/texlive/2023/texmf-dist/tex/latex/datetime/datetime-defaults.sty
Package: datetime-defaults 2013/09/10
)
\@day=\count298
\@month=\count299
\@year=\count300
\c@HOUR=\count301
\c@HOURXII=\count302
\c@MINUTE=\count303
\c@TOHOUR=\count304
\c@TOMINUTE=\count305
\c@SECOND=\count306
\currenthour=\count307
\currentminute=\count308
\currentsecond=\count309
Package datetime Info: No datetime.cfg file found, using default settings on input line 308.
\@dtctr=\count310
\dayofyear=\count311
\dayofweek=\count312
LaTeX Info: Redefining \today on input line 736.
 (/usr/local/texlive/2023/texmf-dist/tex/latex/datetime/dt-ngerman.def
File: dt-ngerman.def 2013/09/10
LaTeX Info: Redefining \datengerman on input line 86.
)
\dt@a=\toks23
\dt@b=\toks24
) (/usr/local/texlive/2023/texmf-dist/tex/latex/l3backend/l3backend-pdftex.def
File: l3backend-pdftex.def 2023-01-16 L3 backend support: PDF output (pdfTeX)
\l__color_backend_stack_int=\count313
\l__pdf_internal_box=\box55
) (/Users/joey/Documents/Studium/4_Sem/EDS/EDS_Praktikum/Blatt 2/.texpadtmp/EDS_Prak_Blatt_2_Jan_Kristel.aux

LaTeX Warning: Label `fig:subim1' multiply defined.


LaTeX Warning: Label `sub@fig:subim1' multiply defined.


LaTeX Warning: Label `fig:subim2' multiply defined.


LaTeX Warning: Label `sub@fig:subim2' multiply defined.


LaTeX Warning: Label `fig:image2' multiply defined.


LaTeX Warning: Label `fig32: Sprung. und Stoßantwort' multiply defined.


LaTeX Warning: Label `fig37:4_d_alle_Regelkreise' multiply defined.

)
\openout1 = `EDS_Prak_Blatt_2_Jan_Kristel.aux'.

LaTeX Font Info:    Checking defaults for OML/cmm/m/it on input line 39.
LaTeX Font Info:    ... okay on input line 39.
LaTeX Font Info:    Checking defaults for OMS/cmsy/m/n on input line 39.
LaTeX Font Info:    ... okay on input line 39.
LaTeX Font Info:    Checking defaults for OT1/cmr/m/n on input line 39.
LaTeX Font Info:    ... okay on input line 39.
LaTeX Font Info:    Checking defaults for T1/cmr/m/n on input line 39.
LaTeX Font Info:    ... okay on input line 39.
LaTeX Font Info:    Checking defaults for TS1/cmr/m/n on input line 39.
LaTeX Font Info:    ... okay on input line 39.
LaTeX Font Info:    Checking defaults for OMX/cmex/m/n on input line 39.
LaTeX Font Info:    ... okay on input line 39.
LaTeX Font Info:    Checking defaults for U/cmr/m/n on input line 39.
LaTeX Font Info:    ... okay on input line 39.
LaTeX Font Info:    Checking defaults for PD1/pdf/m/n on input line 39.
LaTeX Font Info:    ... okay on input line 39.
LaTeX Font Info:    Checking defaults for PU/pdf/m/n on input line 39.
LaTeX Font Info:    ... okay on input line 39.
 (/usr/local/texlive/2023/texmf-dist/tex/context/base/mkii/supp-pdf.mkii
[Loading MPS to PDF converter (version 2006.09.02).]
\scratchcounter=\count314
\scratchdimen=\dimen175
\scratchbox=\box56
\nofMPsegments=\count315
\nofMParguments=\count316
\everyMPshowfont=\toks25
\MPscratchCnt=\count317
\MPscratchDim=\dimen176
\MPnumerator=\count318
\makeMPintoPDFobject=\count319
\everyMPtoPDFconversion=\toks26
) (/usr/local/texlive/2023/texmf-dist/tex/latex/epstopdf-pkg/epstopdf-base.sty
Package: epstopdf-base 2020-01-24 v2.11 Base part for package epstopdf
Package epstopdf-base Info: Redefining graphics rule for `.eps' on input line 485.
 (/usr/local/texlive/2023/texmf-dist/tex/latex/latexconfig/epstopdf-sys.cfg
File: epstopdf-sys.cfg 2010/07/13 v1.3 Configuration of (r)epstopdf for TeX Live
))
Package caption Info: Begin \AtBeginDocument code.
Package caption Info: hyperref package is loaded.
Package caption Info: listings package is loaded.
Package caption Info: End \AtBeginDocument code.
Package hyperref Info: Link coloring OFF on input line 39.
 (/Users/joey/Documents/Studium/4_Sem/EDS/EDS_Praktikum/Blatt 2/.texpadtmp/EDS_Prak_Blatt_2_Jan_Kristel.out) (/Users/joey/Documents/Studium/4_Sem/EDS/EDS_Praktikum/Blatt 2/.texpadtmp/EDS_Prak_Blatt_2_Jan_Kristel.out)
\@outlinefile=\write3
\openout3 = `EDS_Prak_Blatt_2_Jan_Kristel.out'.

\c@lstlisting=\count320
 [1

{/usr/local/texlive/2023/texmf-var/fonts/map/pdftex/updmap/pdftex.map}] (/Users/joey/Documents/Studium/4_Sem/EDS/EDS_Praktikum/Blatt 2/.texpadtmp/EDS_Prak_Blatt_2_Jan_Kristel.toc
LaTeX Font Info:    External font `cmex10' loaded for size
(Font)              <7> on input line 3.
LaTeX Font Info:    External font `cmex10' loaded for size
(Font)              <5> on input line 3.
)
\tf@toc=\write4
\openout4 = `EDS_Prak_Blatt_2_Jan_Kristel.toc'.


pdfTeX warning (ext4): destination with the same identifier (name{page.1}) has been already used, duplicate ignored
<to be read again> 
                   \relax 
l.58 	\newpage
               [1] [2{/usr/local/texlive/2023/texmf-dist/fonts/enc/dvips/cm-super/cm-super-ts1.enc}] [3]
<../pics/Blatt 2/./Sprungfunktion_I_Glied.png, id=214, 1190.4475pt x 778.91pt>
File: ../pics/Blatt 2/./Sprungfunktion_I_Glied.png Graphic file (type png)
<use ../pics/Blatt 2/./Sprungfunktion_I_Glied.png>
Package pdftex.def Info: ../pics/Blatt 2/./Sprungfunktion_I_Glied.png  used on input line 108.
(pdftex.def)             Requested size: 261.89926pt x 171.36073pt.
<../pics/Blatt 2/./Sprungfunktion_DT_1_Glied.png, id=216, 557.08125pt x 395.4775pt>
File: ../pics/Blatt 2/./Sprungfunktion_DT_1_Glied.png Graphic file (type png)
<use ../pics/Blatt 2/./Sprungfunktion_DT_1_Glied.png>
Package pdftex.def Info: ../pics/Blatt 2/./Sprungfunktion_DT_1_Glied.png  used on input line 114.
(pdftex.def)             Requested size: 261.82822pt x 185.87445pt.
 [4 <../pics/Blatt 2/./Sprungfunktion_I_Glied.png> <../pics/Blatt 2/./Sprungfunktion_DT_1_Glied.png>]
<../pics/Blatt 2/./Sprungfunktion_PT_2_Glied.png, id=225, 929.4725pt x 481.8pt>
File: ../pics/Blatt 2/./Sprungfunktion_PT_2_Glied.png Graphic file (type png)
<use ../pics/Blatt 2/./Sprungfunktion_PT_2_Glied.png>
Package pdftex.def Info: ../pics/Blatt 2/./Sprungfunktion_PT_2_Glied.png  used on input line 121.
(pdftex.def)             Requested size: 371.78242pt x 192.71658pt.
<../pics/Blatt 2/./Sprungfunktion_PT_1_Glied_verzoegert.png, id=226, 559.08875pt x 387.4475pt>
File: ../pics/Blatt 2/./Sprungfunktion_PT_1_Glied_verzoegert.png Graphic file (type png)
<use ../pics/Blatt 2/./Sprungfunktion_PT_1_Glied_verzoegert.png>
Package pdftex.def Info: ../pics/Blatt 2/./Sprungfunktion_PT_1_Glied_verzoegert.png  used on input line 127.
(pdftex.def)             Requested size: 223.63153pt x 154.97624pt.
 [5 <../pics/Blatt 2/./Sprungfunktion_PT_2_Glied.png> <../pics/Blatt 2/./Sprungfunktion_PT_1_Glied_verzoegert.png>]
Overfull \hbox (2.36873pt too wide) in paragraph at lines 134--135
\OT1/cmr/m/n/10 Die []Ubertragsfunktion/[]Ubertragungsverhalten f[]ur die Ge-schwin-dig-keit $\OML/cmm/m/it/10 v[]\OT1/cmr/m/n/10 (\OML/cmm/m/it/10 t\OT1/cmr/m/n/10 )$ lau-
 []

<../pics/Blatt 2/2_b_1_Regelkreis.png, id=235, 1461.46pt x 574.145pt>
File: ../pics/Blatt 2/2_b_1_Regelkreis.png Graphic file (type png)
<use ../pics/Blatt 2/2_b_1_Regelkreis.png>
Package pdftex.def Info: ../pics/Blatt 2/2_b_1_Regelkreis.png  used on input line 140.
(pdftex.def)             Requested size: 584.57365pt x 229.65393pt.
[6 <../pics/Blatt 2/2_b_1_Regelkreis.png>]
<../pics/Blatt 2/2_b_2_KP_1.png, id=243, 1122.1925pt x 764.8575pt>
File: ../pics/Blatt 2/2_b_2_KP_1.png Graphic file (type png)
<use ../pics/Blatt 2/2_b_2_KP_1.png>
Package pdftex.def Info: ../pics/Blatt 2/2_b_2_KP_1.png  used on input line 147.
(pdftex.def)             Requested size: 260.90706pt x 177.82753pt.
<../pics/Blatt 2/2_b_2_KP_2.png, id=244, 1118.1775pt x 780.9175pt>
File: ../pics/Blatt 2/2_b_2_KP_2.png Graphic file (type png)
<use ../pics/Blatt 2/2_b_2_KP_2.png>
Package pdftex.def Info: ../pics/Blatt 2/2_b_2_KP_2.png  used on input line 152.
(pdftex.def)             Requested size: 259.97359pt x 181.56143pt.
 [7 <../pics/Blatt 2/2_b_2_KP_1.png> <../pics/Blatt 2/2_b_2_KP_2.png>]
<../pics/Blatt 2/2_b_2_KP_3.png, id=253, 1120.185pt x 788.9475pt>
File: ../pics/Blatt 2/2_b_2_KP_3.png Graphic file (type png)
<use ../pics/Blatt 2/2_b_2_KP_3.png>
Package pdftex.def Info: ../pics/Blatt 2/2_b_2_KP_3.png  used on input line 158.
(pdftex.def)             Requested size: 252.04784pt x 177.51756pt.
<../pics/Blatt 2/2_b_2_KP_4.png, id=254, 1110.1475pt x 780.9175pt>
File: ../pics/Blatt 2/2_b_2_KP_4.png Graphic file (type png)
<use ../pics/Blatt 2/2_b_2_KP_4.png>
Package pdftex.def Info: ../pics/Blatt 2/2_b_2_KP_4.png  used on input line 163.
(pdftex.def)             Requested size: 249.78935pt x 175.71077pt.
 [8 <../pics/Blatt 2/2_b_2_KP_3.png> <../pics/Blatt 2/2_b_2_KP_4.png>]
<../pics/Blatt 2/2_b_2_KP_5.png, id=263, 1122.1925pt x 784.9325pt>
File: ../pics/Blatt 2/2_b_2_KP_5.png Graphic file (type png)
<use ../pics/Blatt 2/2_b_2_KP_5.png>
Package pdftex.def Info: ../pics/Blatt 2/2_b_2_KP_5.png  used on input line 169.
(pdftex.def)             Requested size: 252.49954pt x 176.61417pt.
<../pics/Blatt 2/2_b_2_KP_7.png, id=264, 1118.1775pt x 788.9475pt>
File: ../pics/Blatt 2/2_b_2_KP_7.png Graphic file (type png)
<use ../pics/Blatt 2/2_b_2_KP_7.png>
Package pdftex.def Info: ../pics/Blatt 2/2_b_2_KP_7.png  used on input line 174.
(pdftex.def)             Requested size: 251.59615pt x 177.51756pt.
 [9 <../pics/Blatt 2/2_b_2_KP_5.png> <../pics/Blatt 2/2_b_2_KP_7.png>]
<../pics/Blatt 2/2_b_2_KP_10.png, id=273, 1120.185pt x 782.925pt>
File: ../pics/Blatt 2/2_b_2_KP_10.png Graphic file (type png)
<use ../pics/Blatt 2/2_b_2_KP_10.png>
Package pdftex.def Info: ../pics/Blatt 2/2_b_2_KP_10.png  used on input line 180.
(pdftex.def)             Requested size: 252.04784pt x 176.16246pt.
<../pics/Blatt 2/2_b_2_KP_20.png, id=274, 1126.2075pt x 786.94pt>
File: ../pics/Blatt 2/2_b_2_KP_20.png Graphic file (type png)
<use ../pics/Blatt 2/2_b_2_KP_20.png>
Package pdftex.def Info: ../pics/Blatt 2/2_b_2_KP_20.png  used on input line 185.
(pdftex.def)             Requested size: 253.40294pt x 177.06586pt.
 [10 <../pics/Blatt 2/2_b_2_KP_10.png> <../pics/Blatt 2/2_b_2_KP_20.png>]
<../pics/Blatt 2/2_b_2_KP_30.png, id=283, 1120.185pt x 782.925pt>
File: ../pics/Blatt 2/2_b_2_KP_30.png Graphic file (type png)
<use ../pics/Blatt 2/2_b_2_KP_30.png>
Package pdftex.def Info: ../pics/Blatt 2/2_b_2_KP_30.png  used on input line 191.
(pdftex.def)             Requested size: 252.04784pt x 176.16246pt.


Package hyperref Warning: Token not allowed in a PDF string (Unicode):
(hyperref)                removing `math shift' on input line 195.


Package hyperref Warning: Token not allowed in a PDF string (Unicode):
(hyperref)                removing `subscript' on input line 195.


Package hyperref Warning: Token not allowed in a PDF string (Unicode):
(hyperref)                removing `math shift' on input line 195.

File: ../pics/Blatt 2/2_b_2_KP_4.png Graphic file (type png)
<use ../pics/Blatt 2/2_b_2_KP_4.png>
Package pdftex.def Info: ../pics/Blatt 2/2_b_2_KP_4.png  used on input line 198.
(pdftex.def)             Requested size: 249.78935pt x 175.71077pt.
[11 <../pics/Blatt 2/2_b_2_KP_30.png>]
LaTeX Font Info:    External font `cmex10' loaded for size
(Font)              <12> on input line 203.
LaTeX Font Info:    External font `cmex10' loaded for size
(Font)              <8> on input line 203.
LaTeX Font Info:    External font `cmex10' loaded for size
(Font)              <6> on input line 203.


Package hyperref Warning: Token not allowed in a PDF string (Unicode):
(hyperref)                removing `math shift' on input line 203.


Package hyperref Warning: Token not allowed in a PDF string (Unicode):
(hyperref)                removing `subscript' on input line 203.


Package hyperref Warning: Token not allowed in a PDF string (Unicode):
(hyperref)                removing `math shift' on input line 203.

<../pics/Blatt 2/2_c_Regelkreis_PT2.png, id=291, 1537.745pt x 365.365pt>
File: ../pics/Blatt 2/2_c_Regelkreis_PT2.png Graphic file (type png)
<use ../pics/Blatt 2/2_c_Regelkreis_PT2.png>
Package pdftex.def Info: ../pics/Blatt 2/2_c_Regelkreis_PT2.png  used on input line 206.
(pdftex.def)             Requested size: 346.00116pt x 82.20915pt.

Package hyperref Warning: Token not allowed in a PDF string (Unicode):
(hyperref)                removing `math shift' on input line 210.


Package hyperref Warning: Token not allowed in a PDF string (Unicode):
(hyperref)                removing `subscript' on input line 210.


Package hyperref Warning: Token not allowed in a PDF string (Unicode):
(hyperref)                removing `math shift' on input line 210.

<../pics/Blatt 2/2_c_KP_1.png, id=292, 1126.2075pt x 782.925pt>
File: ../pics/Blatt 2/2_c_KP_1.png Graphic file (type png)
<use ../pics/Blatt 2/2_c_KP_1.png>
Package pdftex.def Info: ../pics/Blatt 2/2_c_KP_1.png  used on input line 212.
(pdftex.def)             Requested size: 253.40294pt x 176.16246pt.
[12 <../pics/Blatt 2/2_c_Regelkreis_PT2.png> <../pics/Blatt 2/2_c_KP_1.png>]
<../pics/Blatt 2/2_c_KP_2.png, id=304, 1128.215pt x 784.9325pt>
File: ../pics/Blatt 2/2_c_KP_2.png Graphic file (type png)
<use ../pics/Blatt 2/2_c_KP_2.png>
Package pdftex.def Info: ../pics/Blatt 2/2_c_KP_2.png  used on input line 218.
(pdftex.def)             Requested size: 253.85463pt x 176.61417pt.
<../pics/Blatt 2/2_c_KP_3.png, id=305, 1122.1925pt x 784.9325pt>
File: ../pics/Blatt 2/2_c_KP_3.png Graphic file (type png)
<use ../pics/Blatt 2/2_c_KP_3.png>
Package pdftex.def Info: ../pics/Blatt 2/2_c_KP_3.png  used on input line 223.
(pdftex.def)             Requested size: 252.49954pt x 176.61417pt.
 [13 <../pics/Blatt 2/2_c_KP_2.png> <../pics/Blatt 2/2_c_KP_3.png>]
<../pics/Blatt 2/2_c_KP_4.png, id=314, 1128.215pt x 780.9175pt>
File: ../pics/Blatt 2/2_c_KP_4.png Graphic file (type png)
<use ../pics/Blatt 2/2_c_KP_4.png>
Package pdftex.def Info: ../pics/Blatt 2/2_c_KP_4.png  used on input line 229.
(pdftex.def)             Requested size: 253.85463pt x 175.71077pt.
<../pics/Blatt 2/2_c_KP_5.png, id=315, 1118.1775pt x 784.9325pt>
File: ../pics/Blatt 2/2_c_KP_5.png Graphic file (type png)
<use ../pics/Blatt 2/2_c_KP_5.png>
Package pdftex.def Info: ../pics/Blatt 2/2_c_KP_5.png  used on input line 234.
(pdftex.def)             Requested size: 251.59615pt x 176.61417pt.
 [14 <../pics/Blatt 2/2_c_KP_4.png> <../pics/Blatt 2/2_c_KP_5.png>]
<../pics/Blatt 2/2_c_KP_6.png, id=325, 1128.215pt x 784.9325pt>
File: ../pics/Blatt 2/2_c_KP_6.png Graphic file (type png)
<use ../pics/Blatt 2/2_c_KP_6.png>
Package pdftex.def Info: ../pics/Blatt 2/2_c_KP_6.png  used on input line 240.
(pdftex.def)             Requested size: 253.85463pt x 176.61417pt.
<../pics/Blatt 2/2_c_KP_7.png, id=326, 1120.185pt x 782.925pt>
File: ../pics/Blatt 2/2_c_KP_7.png Graphic file (type png)
<use ../pics/Blatt 2/2_c_KP_7.png>
Package pdftex.def Info: ../pics/Blatt 2/2_c_KP_7.png  used on input line 245.
(pdftex.def)             Requested size: 252.04784pt x 176.16246pt.
 [15 <../pics/Blatt 2/2_c_KP_6.png> <../pics/Blatt 2/2_c_KP_7.png>]
<../pics/Blatt 2/2_c_KP_8.png, id=335, 1124.2pt x 786.94pt>
File: ../pics/Blatt 2/2_c_KP_8.png Graphic file (type png)
<use ../pics/Blatt 2/2_c_KP_8.png>
Package pdftex.def Info: ../pics/Blatt 2/2_c_KP_8.png  used on input line 251.
(pdftex.def)             Requested size: 252.95123pt x 177.06586pt.
<../pics/Blatt 2/2_c_KP_9.png, id=336, 1120.185pt x 784.9325pt>
File: ../pics/Blatt 2/2_c_KP_9.png Graphic file (type png)
<use ../pics/Blatt 2/2_c_KP_9.png>
Package pdftex.def Info: ../pics/Blatt 2/2_c_KP_9.png  used on input line 256.
(pdftex.def)             Requested size: 252.04784pt x 176.61417pt.
 [16 <../pics/Blatt 2/2_c_KP_8.png> <../pics/Blatt 2/2_c_KP_9.png>]
<../pics/Blatt 2/2_c_KP_10.png, id=345, 1130.2225pt x 774.895pt>
File: ../pics/Blatt 2/2_c_KP_10.png Graphic file (type png)
<use ../pics/Blatt 2/2_c_KP_10.png>
Package pdftex.def Info: ../pics/Blatt 2/2_c_KP_10.png  used on input line 262.
(pdftex.def)             Requested size: 254.30634pt x 174.35567pt.
<../pics/Blatt 2/2_c_KP_11.png, id=346, 1126.2075pt x 780.9175pt>
File: ../pics/Blatt 2/2_c_KP_11.png Graphic file (type png)
<use ../pics/Blatt 2/2_c_KP_11.png>
Package pdftex.def Info: ../pics/Blatt 2/2_c_KP_11.png  used on input line 267.
(pdftex.def)             Requested size: 253.40294pt x 175.71077pt.
 [17 <../pics/Blatt 2/2_c_KP_10.png> <../pics/Blatt 2/2_c_KP_11.png>]
<../pics/Blatt 2/2_c_KP_12.png, id=355, 1118.1775pt x 782.925pt>
File: ../pics/Blatt 2/2_c_KP_12.png Graphic file (type png)
<use ../pics/Blatt 2/2_c_KP_12.png>
Package pdftex.def Info: ../pics/Blatt 2/2_c_KP_12.png  used on input line 273.
(pdftex.def)             Requested size: 251.59615pt x 176.16246pt.
<../pics/Blatt 2/2_c_KP_15.png, id=356, 1122.1925pt x 784.9325pt>
File: ../pics/Blatt 2/2_c_KP_15.png Graphic file (type png)
<use ../pics/Blatt 2/2_c_KP_15.png>
Package pdftex.def Info: ../pics/Blatt 2/2_c_KP_15.png  used on input line 278.
(pdftex.def)             Requested size: 252.49954pt x 176.61417pt.
 [18 <../pics/Blatt 2/2_c_KP_12.png> <../pics/Blatt 2/2_c_KP_15.png>]
<../pics/Blatt 2/2_c_KP_20.png, id=366, 1118.1775pt x 778.91pt>
File: ../pics/Blatt 2/2_c_KP_20.png Graphic file (type png)
<use ../pics/Blatt 2/2_c_KP_20.png>
Package pdftex.def Info: ../pics/Blatt 2/2_c_KP_20.png  used on input line 284.
(pdftex.def)             Requested size: 251.59615pt x 175.25908pt.
 [19 <../pics/Blatt 2/2_c_KP_20.png>]
<../pics/Blatt 2/3_a_Regelkreis.png, id=376, 2274.4975pt x 389.455pt>
File: ../pics/Blatt 2/3_a_Regelkreis.png Graphic file (type png)
<use ../pics/Blatt 2/3_a_Regelkreis.png>
Package pdftex.def Info: ../pics/Blatt 2/3_a_Regelkreis.png  used on input line 301.
(pdftex.def)             Requested size: 568.62299pt x 97.36351pt.
 [20 <../pics/Blatt 2/3_a_Regelkreis.png>]
<../pics/Blatt 2/2_3c/3_c_Regelkreis_schalter_oben.png, id=386, 821.0675pt x 166.6225pt>
File: ../pics/Blatt 2/2_3c/3_c_Regelkreis_schalter_oben.png Graphic file (type png)
<use ../pics/Blatt 2/2_3c/3_c_Regelkreis_schalter_oben.png>
Package pdftex.def Info: ../pics/Blatt 2/2_3c/3_c_Regelkreis_schalter_oben.png  used on input line 338.
(pdftex.def)             Requested size: 566.5372pt x 114.96964pt.
<../pics/Blatt 2/2_3c/5.png, id=387, 423.83344pt x 381.67593pt>
File: ../pics/Blatt 2/2_3c/5.png Graphic file (type png)
<use ../pics/Blatt 2/2_3c/5.png>
Package pdftex.def Info: ../pics/Blatt 2/2_3c/5.png  used on input line 344.
(pdftex.def)             Requested size: 264.89523pt x 238.54688pt.
 [21 <../pics/Blatt 2/2_3c/3_c_Regelkreis_schalter_oben.png> <../pics/Blatt 2/2_3c/5.png>]
<../pics/Blatt 2/2_3c/6.png, id=396, 423.83344pt x 383.93437pt>
File: ../pics/Blatt 2/2_3c/6.png Graphic file (type png)
<use ../pics/Blatt 2/2_3c/6.png>
Package pdftex.def Info: ../pics/Blatt 2/2_3c/6.png  used on input line 351.
(pdftex.def)             Requested size: 172.4988pt x 184.9484pt.
LaTeX Font Info:    External font `cmex10' loaded for size
(Font)              <9> on input line 352.
<../pics/Blatt 2/2_3c/7.png, id=397, 425.33907pt x 383.18156pt>
File: ../pics/Blatt 2/2_3c/7.png Graphic file (type png)
<use ../pics/Blatt 2/2_3c/7.png>
Package pdftex.def Info: ../pics/Blatt 2/2_3c/7.png  used on input line 356.
(pdftex.def)             Requested size: 172.50151pt x 184.94241pt.
<../pics/Blatt 2/2_3c/8.png, id=398, 424.58624pt x 383.18156pt>
File: ../pics/Blatt 2/2_3c/8.png Graphic file (type png)
<use ../pics/Blatt 2/2_3c/8.png>
Package pdftex.def Info: ../pics/Blatt 2/2_3c/8.png  used on input line 361.
(pdftex.def)             Requested size: 172.50069pt x 184.94241pt.
<../pics/Blatt 2/2_3c/9.png, id=399, 424.58624pt x 382.42876pt>
File: ../pics/Blatt 2/2_3c/9.png Graphic file (type png)
<use ../pics/Blatt 2/2_3c/9.png>
Package pdftex.def Info: ../pics/Blatt 2/2_3c/9.png  used on input line 366.
(pdftex.def)             Requested size: 172.50069pt x 184.94086pt.

Overfull \hbox (2.22221pt too wide) in paragraph at lines 350--371
[][] []
 []


Overfull \hbox (2.22221pt too wide) in paragraph at lines 350--371
[] []
 []

[22 <../pics/Blatt 2/2_3c/6.png> <../pics/Blatt 2/2_3c/7.png> <../pics/Blatt 2/2_3c/8.png> <../pics/Blatt 2/2_3c/9.png>]
<../pics/Blatt 2/2_3c/10.png, id=412, 424.58624pt x 381.67593pt>
File: ../pics/Blatt 2/2_3c/10.png Graphic file (type png)
<use ../pics/Blatt 2/2_3c/10.png>
Package pdftex.def Info: ../pics/Blatt 2/2_3c/10.png  used on input line 375.
(pdftex.def)             Requested size: 172.50069pt x 184.94371pt.
<../pics/Blatt 2/2_3c/20.png, id=413, 421.575pt x 381.67593pt>
File: ../pics/Blatt 2/2_3c/20.png Graphic file (type png)
<use ../pics/Blatt 2/2_3c/20.png>
Package pdftex.def Info: ../pics/Blatt 2/2_3c/20.png  used on input line 380.
(pdftex.def)             Requested size: 172.4995pt x 184.94371pt.
<../pics/Blatt 2/2_3c/30.png, id=414, 423.83344pt x 384.6872pt>
File: ../pics/Blatt 2/2_3c/30.png Graphic file (type png)
<use ../pics/Blatt 2/2_3c/30.png>
Package pdftex.def Info: ../pics/Blatt 2/2_3c/30.png  used on input line 385.
(pdftex.def)             Requested size: 172.4988pt x 184.94711pt.
<../pics/Blatt 2/2_3c/40.png, id=415, 423.08063pt x 381.67593pt>
File: ../pics/Blatt 2/2_3c/40.png Graphic file (type png)
<use ../pics/Blatt 2/2_3c/40.png>
Package pdftex.def Info: ../pics/Blatt 2/2_3c/40.png  used on input line 390.
(pdftex.def)             Requested size: 172.49582pt x 184.94371pt.

Overfull \hbox (2.22221pt too wide) in paragraph at lines 374--395
[][] []
 []


Overfull \hbox (2.22221pt too wide) in paragraph at lines 374--395
[] []
 []

[23 <../pics/Blatt 2/2_3c/10.png> <../pics/Blatt 2/2_3c/20.png> <../pics/Blatt 2/2_3c/30.png> <../pics/Blatt 2/2_3c/40.png>]
<../pics/Blatt 2/2_3c/3_c_Regelkreis.png, id=425, 1660.2025pt x 375.4025pt>
File: ../pics/Blatt 2/2_3c/3_c_Regelkreis.png Graphic file (type png)
<use ../pics/Blatt 2/2_3c/3_c_Regelkreis.png>
Package pdftex.def Info: ../pics/Blatt 2/2_3c/3_c_Regelkreis.png  used on input line 399.
(pdftex.def)             Requested size: 581.07959pt x 131.39284pt.
<../pics/Blatt 2/Sprungantwort.png, id=426, 1120.185pt x 784.9325pt>
File: ../pics/Blatt 2/Sprungantwort.png Graphic file (type png)
<use ../pics/Blatt 2/Sprungantwort.png>
Package pdftex.def Info: ../pics/Blatt 2/Sprungantwort.png  used on input line 406.
(pdftex.def)             Requested size: 296.84761pt x 208.00612pt.
 [24 <../pics/Blatt 2/2_3c/3_c_Regelkreis.png> <../pics/Blatt 2/Sprungantwort.png>]
<../pics/Blatt 2/3_c_PI_Regler_Sprung_Stoß.png, id=436, 558.085pt x 391.4625pt>
File: ../pics/Blatt 2/3_c_PI_Regler_Sprung_Stoß.png Graphic file (type png)
<use ../pics/Blatt 2/3_c_PI_Regler_Sprung_Stoß.png>
Package pdftex.def Info: ../pics/Blatt 2/3_c_PI_Regler_Sprung_Stoß.png  used on input line 427.
(pdftex.def)             Requested size: 279.04182pt x 195.73076pt.
 [25 <../pics/Blatt 2/3_c_PI_Regler_Sprung_Stoß.png>] [26]
<../pics/Blatt 2/4_a_Blockschaltbild.png, id=447, 1130.2225pt x 208.78pt>
File: ../pics/Blatt 2/4_a_Blockschaltbild.png Graphic file (type png)
<use ../pics/Blatt 2/4_a_Blockschaltbild.png>
Package pdftex.def Info: ../pics/Blatt 2/4_a_Blockschaltbild.png  used on input line 443.
(pdftex.def)             Requested size: 565.10988pt x 104.38972pt.
<../pics/Blatt 2/4_a_Graph.png, id=448, 555.07375pt x 388.45125pt>
File: ../pics/Blatt 2/4_a_Graph.png Graphic file (type png)
<use ../pics/Blatt 2/4_a_Graph.png>
Package pdftex.def Info: ../pics/Blatt 2/4_a_Graph.png  used on input line 449.
(pdftex.def)             Requested size: 333.0468pt x 233.07254pt.
 [27 <../pics/Blatt 2/4_a_Blockschaltbild.png> <../pics/Blatt 2/4_a_Graph.png>]
<../pics/Blatt 2/4_b_Blockschaltbild.png, id=457, 1167.36125pt x 226.8475pt>
File: ../pics/Blatt 2/4_b_Blockschaltbild.png Graphic file (type png)
<use ../pics/Blatt 2/4_b_Blockschaltbild.png>
Package pdftex.def Info: ../pics/Blatt 2/4_b_Blockschaltbild.png  used on input line 459.
(pdftex.def)             Requested size: 583.6792pt x 113.42346pt.
<../pics/Blatt 2/4_b_Graph.png, id=458, 558.085pt x 392.46625pt>
File: ../pics/Blatt 2/4_b_Graph.png Graphic file (type png)
<use ../pics/Blatt 2/4_b_Graph.png>
Package pdftex.def Info: ../pics/Blatt 2/4_b_Graph.png  used on input line 465.
(pdftex.def)             Requested size: 334.85359pt x 235.48155pt.
 [28 <../pics/Blatt 2/4_b_Blockschaltbild.png> <../pics/Blatt 2/4_b_Graph.png>]
<../pics/Blatt 2/4_c_Blockschaltbild.png, id=467, 1165.35374pt x 224.84pt>
File: ../pics/Blatt 2/4_c_Blockschaltbild.png Graphic file (type png)
<use ../pics/Blatt 2/4_c_Blockschaltbild.png>
Package pdftex.def Info: ../pics/Blatt 2/4_c_Blockschaltbild.png  used on input line 475.
(pdftex.def)             Requested size: 582.67545pt x 112.41972pt.
<../pics/Blatt 2/4_c_Graph.png, id=468, 584.1825pt x 464.73625pt>
File: ../pics/Blatt 2/4_c_Graph.png Graphic file (type png)
<use ../pics/Blatt 2/4_c_Graph.png>
Package pdftex.def Info: ../pics/Blatt 2/4_c_Graph.png  used on input line 481.
(pdftex.def)             Requested size: 292.09053pt x 232.36755pt.
 [29 <../pics/Blatt 2/4_c_Blockschaltbild.png> <../pics/Blatt 2/4_c_Graph.png>]
<../pics/Blatt 2/4_d_Blockschaltbild_alle_zusammen.png, id=477, 949.5475pt x 377.41pt>
File: ../pics/Blatt 2/4_d_Blockschaltbild_alle_zusammen.png Graphic file (type png)
<use ../pics/Blatt 2/4_d_Blockschaltbild_alle_zusammen.png>
Package pdftex.def Info: ../pics/Blatt 2/4_d_Blockschaltbild_alle_zusammen.png  used on input line 489.
(pdftex.def)             Requested size: 379.81227pt x 150.96132pt.
<../pics/Blatt 2/4_d_alle_Graphen.png, id=478, 559.08875pt x 388.45125pt>
File: ../pics/Blatt 2/4_d_alle_Graphen.png Graphic file (type png)
<use ../pics/Blatt 2/4_d_alle_Graphen.png>
Package pdftex.def Info: ../pics/Blatt 2/4_d_alle_Graphen.png  used on input line 494.
(pdftex.def)             Requested size: 279.54369pt x 194.22514pt.
 [30 <../pics/Blatt 2/4_d_Blockschaltbild_alle_zusammen.png> <../pics/Blatt 2/4_d_alle_Graphen.png>] (/Users/joey/Documents/Studium/4_Sem/EDS/EDS_Praktikum/Blatt 2/.texpadtmp/EDS_Prak_Blatt_2_Jan_Kristel.aux)

LaTeX Warning: There were multiply-defined labels.

Package rerunfilecheck Info: File `EDS_Prak_Blatt_2_Jan_Kristel.out' has not changed.
(rerunfilecheck)             Checksum: 2516D5B4AEAFACD68331E41FA9ACD9EE;4782.
 ) 
Here is how much of TeX's memory you used:
 15361 strings out of 476025
 262128 string characters out of 5790017
 1864388 words of memory out of 5000000
 35421 multiletter control sequences out of 15000+600000
 519690 words of font info for 56 fonts, out of 8000000 for 9000
 1141 hyphenation exceptions out of 8191
 75i,10n,77p,1110b,611s stack positions out of 10000i,1000n,20000p,200000b,200000s
</usr/local/texlive/2023/texmf-dist/fonts/type1/public/amsfonts/cm/cmbx10.pfb></usr/local/texlive/2023/texmf-dist/fonts/type1/public/amsfonts/cm/cmbx12.pfb></usr/local/texlive/2023/texmf-dist/fonts/type1/public/amsfonts/cm/cmcsc10.pfb></usr/local/texlive/2023/texmf-dist/fonts/type1/public/amsfonts/cm/cmex10.pfb></usr/local/texlive/2023/texmf-dist/fonts/type1/public/amsfonts/cm/cmmi10.pfb></usr/local/texlive/2023/texmf-dist/fonts/type1/public/amsfonts/cm/cmmi12.pfb></usr/local/texlive/2023/texmf-dist/fonts/type1/public/amsfonts/cm/cmmi5.pfb></usr/local/texlive/2023/texmf-dist/fonts/type1/public/amsfonts/cm/cmmi6.pfb></usr/local/texlive/2023/texmf-dist/fonts/type1/public/amsfonts/cm/cmmi7.pfb></usr/local/texlive/2023/texmf-dist/fonts/type1/public/amsfonts/cm/cmmi9.pfb></usr/local/texlive/2023/texmf-dist/fonts/type1/public/amsfonts/cm/cmr10.pfb></usr/local/texlive/2023/texmf-dist/fonts/type1/public/amsfonts/cm/cmr12.pfb></usr/local/texlive/2023/texmf-dist/fonts/type1/public/amsfonts/cm/cmr7.pfb></usr/local/texlive/2023/texmf-dist/fonts/type1/public/amsfonts/cm/cmr8.pfb></usr/local/texlive/2023/texmf-dist/fonts/type1/public/amsfonts/cm/cmr9.pfb></usr/local/texlive/2023/texmf-dist/fonts/type1/public/amsfonts/cm/cmsy10.pfb></usr/local/texlive/2023/texmf-dist/fonts/type1/public/amsfonts/cm/cmsy7.pfb></usr/local/texlive/2023/texmf-dist/fonts/type1/public/amsfonts/cm/cmti10.pfb></usr/local/texlive/2023/texmf-dist/fonts/type1/public/amsfonts/cm/cmti12.pfb></usr/local/texlive/2023/texmf-dist/fonts/type1/public/cm-super/sfrm1000.pfb>
Output written on "/Users/joey/Documents/Studium/4_Sem/EDS/EDS_Praktikum/Blatt 2/.texpadtmp/EDS_Prak_Blatt_2_Jan_Kristel.pdf" (31 pages, 1468302 bytes).
PDF statistics:
 600 PDF objects out of 1000 (max. 8388607)
 420 compressed objects within 5 object streams
 114 named destinations out of 1000 (max. 500000)
 544 words of extra memory for PDF output out of 10000 (max. 10000000)

