\BOOKMARK [1][-]{section.1}{\376\377\000G\000r\000u\000n\000d\000l\000a\000g\000e\000n}{}% 1
\BOOKMARK [2][-]{subsection.1.1}{\376\377\000W\000e\000l\000c\000h\000e\000r\000\040\000\334\000b\000e\000r\000t\000r\000a\000g\000u\000n\000g\000s\000t\000y\000p\000?}{section.1}% 2
\BOOKMARK [3][-]{subsubsection.1.1.1}{}{subsection.1.1}% 3
\BOOKMARK [3][-]{subsubsection.1.1.2}{}{subsection.1.1}% 4
\BOOKMARK [3][-]{subsubsection.1.1.3}{}{subsection.1.1}% 5
\BOOKMARK [3][-]{subsubsection.1.1.4}{}{subsection.1.1}% 6
\BOOKMARK [2][-]{subsection.1.2}{\376\377\000R\000e\000l\000e\000v\000a\000n\000t\000e\000\040\000P\000a\000r\000a\000m\000e\000t\000e\000r}{section.1}% 7
\BOOKMARK [3][-]{subsubsection.1.2.1}{}{subsection.1.2}% 8
\BOOKMARK [3][-]{subsubsection.1.2.2}{}{subsection.1.2}% 9
\BOOKMARK [3][-]{subsubsection.1.2.3}{}{subsection.1.2}% 10
\BOOKMARK [3][-]{subsubsection.1.2.4}{}{subsection.1.2}% 11
\BOOKMARK [2][-]{subsection.1.3}{\376\377\000\334\000b\000e\000r\000p\000r\000\374\000f\000u\000n\000g\000\040\000d\000u\000r\000c\000h\000\040\000S\000i\000m\000u\000l\000i\000n\000k}{section.1}% 12
\BOOKMARK [3][-]{subsubsection.1.3.1}{}{subsection.1.3}% 13
\BOOKMARK [3][-]{subsubsection.1.3.2}{}{subsection.1.3}% 14
\BOOKMARK [3][-]{subsubsection.1.3.3}{}{subsection.1.3}% 15
\BOOKMARK [3][-]{subsubsection.1.3.4}{}{subsection.1.3}% 16
\BOOKMARK [1][-]{section.2}{\376\377\000O\000p\000t\000i\000m\000i\000e\000r\000u\000n\000g\000\040\000e\000i\000n\000e\000s\000\040\000e\000i\000n\000f\000a\000c\000h\000e\000n\000\040\000R\000e\000g\000e\000l\000k\000r\000e\000i\000s\000e\000s}{}% 17
\BOOKMARK [2][-]{subsection.2.1}{\376\377\000\334\000b\000e\000r\000t\000r\000a\000g\000u\000n\000g\000s\000v\000e\000r\000h\000a\000l\000t\000e\000n}{section.2}% 18
\BOOKMARK [2][-]{subsection.2.2}{\376\377\0001\000.\000N\000\344\000h\000e\000r\000u\000n\000g}{section.2}% 19
\BOOKMARK [3][-]{subsubsection.2.2.1}{\376\377\000L\000a\000g\000e\000r\000e\000g\000e\000l\000k\000r\000e\000i\000s\000\040\000i\000n\000\040\000S\000i\000m\000u\000l\000i\000n\000k}{subsection.2.2}% 20
\BOOKMARK [3][-]{subsubsection.2.2.2}{\376\377\000O\000p\000t\000i\000m\000i\000e\000r\000u\000n\000g\000\040\000d\000e\000s\000\040\000R\000e\000g\000e\000l\000k\000r\000e\000i\000s\000e\000s\000\040\000-\000\040\000d\000u\000r\000c\000h\000\040\000a\000u\000s\000p\000r\000o\000b\000i\000e\000r\000e\000n}{subsection.2.2}% 21
\BOOKMARK [3][-]{subsubsection.2.2.3}{\376\377\000K\000P\000,\000o\000p\000t}{subsection.2.2}% 22
\BOOKMARK [2][-]{subsection.2.3}{\376\377\000L\000a\000g\000e\000r\000e\000g\000e\000l\000k\000r\000e\000i\000s\000\040\000a\000l\000s\000\040\000P\000T\0002\000-\000G\000l\000i\000e\000d}{section.2}% 23
\BOOKMARK [3][-]{subsubsection.2.3.1}{\376\377\000S\000i\000m\000u\000l\000i\000n\000k}{subsection.2.3}% 24
\BOOKMARK [3][-]{subsubsection.2.3.2}{\376\377\000K\000P\000\040\000e\000r\000m\000i\000t\000t\000e\000l\000n\000\040\000d\000u\000r\000c\000h\000\040\000p\000r\000o\000b\000i\000e\000r\000e\000n}{subsection.2.3}% 25
\BOOKMARK [3][-]{subsubsection.2.3.3}{}{subsection.2.3}% 26
\BOOKMARK [1][-]{section.3}{\376\377\000O\000p\000t\000i\000m\000i\000e\000r\000u\000n\000g\000\040\000n\000a\000c\000h\000\040\000Z\000i\000e\000l\000g\000e\000r\000/\000N\000i\000c\000h\000o\000l\000s}{}% 27
\BOOKMARK [2][-]{subsection.3.1}{}{section.3}% 28
\BOOKMARK [2][-]{subsection.3.2}{\376\377\000Z\000i\000e\000g\000l\000e\000r\000-\000N\000i\000c\000h\000o\000l\000s\000-\000E\000i\000n\000s\000t\000e\000l\000l\000k\000r\000i\000t\000e\000r\000i\000u\000m}{section.3}% 29
\BOOKMARK [2][-]{subsection.3.3}{\376\377\000B\000l\000o\000c\000k\000s\000c\000h\000a\000l\000t\000b\000i\000l\000d}{section.3}% 30
\BOOKMARK [1][-]{section.4}{\376\377\000R\000e\000g\000e\000l\000v\000e\000r\000h\000a\000l\000t\000e\000n\000\040\000v\000o\000n\000\040\000P\000-\000,\000\040\000I\000-\000\040\000u\000n\000d\000\040\000P\000I\000D\000-\000R\000e\000g\000l\000e\000r\000n}{}% 31
\BOOKMARK [2][-]{subsection.4.1}{\376\377\000P\000-\000R\000e\000g\000l\000e\000r}{section.4}% 32
\BOOKMARK [2][-]{subsection.4.2}{\376\377\000I\000-\000R\000e\000g\000l\000e\000r}{section.4}% 33
\BOOKMARK [2][-]{subsection.4.3}{\376\377\000P\000I\000D\000-\000R\000e\000g\000l\000e\000r}{section.4}% 34
\BOOKMARK [2][-]{subsection.4.4}{\376\377\000S\000t\000\366\000r\000\374\000b\000e\000r\000t\000r\000a\000g\000u\000n\000g\000s\000f\000u\000n\000k\000t\000i\000o\000n\000e\000n}{section.4}% 35
